2014-08-24 20:43:37.035 Cauz Colony[8384:70b] Multi-tasking -> Device: YES, App: YES
2014-08-24 20:43:37.062 Cauz Colony[8384:70b] Unlimited access to network resources
2014-08-24 20:43:37.276 Cauz Colony[8384:70b] [CDVTimer][keyboard] 0.087023ms
2014-08-24 20:43:37.277 Cauz Colony[8384:70b] CDVPlugin class CDVStatusBar (pluginName: statusbar) does not exist.
2014-08-24 20:43:37.278 Cauz Colony[8384:70b] [CDVTimer][statusbar] 0.424981ms
2014-08-24 20:43:37.278 Cauz Colony[8384:70b] [CDVTimer][TotalPluginStartup] 2.134979ms
2014-08-24 20:43:37.466 Cauz Colony[8384:70b] Resetting plugins due to page load.
2014-08-24 20:43:37.756 Cauz Colony[8384:70b] Finished load of: file:///Users/drmunklung/Library/Application%20Support/iPhone%20Simulator/7.1/Applications/610B1C19-59AF-429D-A8B7-D8FC8F71B130/Cauz%20Colony.app/www/index.html#/app/playlists
2014-08-24 20:52:26.271 Cauz Colony[8734:70b] Multi-tasking -> Device: YES, App: YES
2014-08-24 20:52:26.281 Cauz Colony[8734:70b] Unlimited access to network resources
2014-08-24 20:52:26.301 Cauz Colony[8734:70b] [CDVTimer][keyboard] 0.086010ms
2014-08-24 20:52:26.302 Cauz Colony[8734:70b] CDVPlugin class CDVStatusBar (pluginName: statusbar) does not exist.
2014-08-24 20:52:26.302 Cauz Colony[8734:70b] [CDVTimer][statusbar] 0.461996ms
2014-08-24 20:52:26.303 Cauz Colony[8734:70b] [CDVTimer][TotalPluginStartup] 1.533985ms
2014-08-24 20:52:26.422 Cauz Colony[8734:70b] Resetting plugins due to page load.
2014-08-24 20:52:26.611 Cauz Colony[8734:70b] Finished load of: file:///Users/drmunklung/Library/Application%20Support/iPhone%20Simulator/7.1/Applications/610B1C19-59AF-429D-A8B7-D8FC8F71B130/Cauz%20Colony.app/www/index.html#/app/playlists
2014-08-24 20:53:19.948 Cauz Colony[9039:70b] Multi-tasking -> Device: YES, App: YES
2014-08-24 20:53:19.956 Cauz Colony[9039:70b] Unlimited access to network resources
2014-08-24 20:53:19.970 Cauz Colony[9039:70b] [CDVTimer][keyboard] 0.059009ms
2014-08-24 20:53:19.970 Cauz Colony[9039:70b] CDVPlugin class CDVStatusBar (pluginName: statusbar) does not exist.
2014-08-24 20:53:19.971 Cauz Colony[9039:70b] [CDVTimer][statusbar] 0.365973ms
2014-08-24 20:53:19.971 Cauz Colony[9039:70b] [CDVTimer][TotalPluginStartup] 1.126051ms
2014-08-24 20:53:20.005 Cauz Colony[9039:70b] Resetting plugins due to page load.
2014-08-24 20:53:20.101 Cauz Colony[9039:70b] Finished load of: file:///Users/drmunklung/Library/Application%20Support/iPhone%20Simulator/7.1/Applications/610B1C19-59AF-429D-A8B7-D8FC8F71B130/Cauz%20Colony.app/www/index.html#/app/playlists
2014-08-26 09:09:45.818 Cauz Colony[9942:70b] Multi-tasking -> Device: YES, App: YES
2014-08-26 09:09:45.845 Cauz Colony[9942:70b] Unlimited access to network resources
2014-08-26 09:09:45.893 Cauz Colony[9942:70b] [CDVTimer][keyboard] 0.073016ms
2014-08-26 09:09:45.893 Cauz Colony[9942:70b] CDVPlugin class CDVStatusBar (pluginName: statusbar) does not exist.
2014-08-26 09:09:45.894 Cauz Colony[9942:70b] [CDVTimer][statusbar] 0.375032ms
2014-08-26 09:09:45.894 Cauz Colony[9942:70b] [CDVTimer][TotalPluginStartup] 1.431048ms
2014-08-26 09:09:46.054 Cauz Colony[9942:70b] Resetting plugins due to page load.
2014-08-26 09:09:46.198 Cauz Colony[9942:70b] Finished load of: file:///Users/drmunklung/Library/Application%20Support/iPhone%20Simulator/7.1/Applications/610B1C19-59AF-429D-A8B7-D8FC8F71B130/Cauz%20Colony.app/www/index.html#/app/playlists
2014-09-07 17:09:12.784 Cauz Colony[16824:70b] Multi-tasking -> Device: YES, App: YES
2014-09-07 17:09:12.823 Cauz Colony[16824:70b] Unlimited access to network resources
2014-09-07 17:09:13.058 Cauz Colony[16824:70b] [CDVTimer][keyboard] 0.083983ms
2014-09-07 17:09:13.059 Cauz Colony[16824:70b] CDVPlugin class CDVStatusBar (pluginName: statusbar) does not exist.
2014-09-07 17:09:13.059 Cauz Colony[16824:70b] [CDVTimer][statusbar] 0.459015ms
2014-09-07 17:09:13.059 Cauz Colony[16824:70b] [CDVTimer][TotalPluginStartup] 1.478016ms
2014-09-07 17:09:13.318 Cauz Colony[16824:70b] Resetting plugins due to page load.
2014-09-07 17:09:13.656 Cauz Colony[16824:70b] Finished load of: file:///Users/drmunklung/Library/Application%20Support/iPhone%20Simulator/7.1/Applications/610B1C19-59AF-429D-A8B7-D8FC8F71B130/Cauz%20Colony.app/www/index.html#/home
2014-09-07 17:09:36.444 Cauz Colony[16824:70b] SurveyCtrl
2014-09-07 17:09:36.445 Cauz Colony[16824:70b] {"type":"multiple-choice","text":"How many licks does it take to get to the center of a Tootsie Roll Tottsie Pop?","options":[{"text":"1","value":"1"},{"text":"2","value":"2"},{"text":"3","value":"3"}]}
2014-09-07 17:09:39.116 Cauz Colony[16824:70b] submit 0
2014-09-07 17:09:39.116 Cauz Colony[16824:70b] [0]
2014-09-07 17:09:50.661 Cauz Colony[16824:70b] submit 0,1
2014-09-07 17:09:50.662 Cauz Colony[16824:70b] [0,[0,1]]
2014-09-07 17:10:06.680 Cauz Colony[16824:70b] submit 2
2014-09-07 17:10:06.680 Cauz Colony[16824:70b] [0,[0,1],"2"]
2014-09-07 17:10:12.671 Cauz Colony[16824:70b] submit a
2014-09-07 17:10:12.671 Cauz Colony[16824:70b] [0,[0,1],"2","a"]
2014-09-07 17:10:28.377 Cauz Colony[16824:70b] setting movie path: https://r19---sn-vgqs7n7k.googlevideo.com/videoplayback?sver=3&mm=31&requiressl=yes&id=o-ALQN4p99ZulOvBAZGx8lQ5KrbVGiKx_feh7-Q8nD9KkK&initcwndbps=1381000&itag=18&source=youtube&mv=m&mt=1410124175&ratebypass=yes&ms=au&signature=B0B684971DD24712A51FFF5A7B837D8515D8208D.C57C792CF767B33EB5FDC4CA007A9B90F8FD1333&ip=2601%3A4%3A2780%3A204%3A10b4%3Aeb7f%3Ab4c5%3Af131&key=yt5&sparams=id%2Cinitcwndbps%2Cip%2Cipbits%2Citag%2Cmm%2Cms%2Cmv%2Cratebypass%2Crequiressl%2Csource%2Cupn%2Cexpire&expire=1410145831&ipbits=0&upn=PdkbbDRMh78&fexp=927622%2C927880%2C931983%2C932404%2C932623%2C934024%2C934030%2C946023%2C947209%2C953801&cpn=uIsX0uZZ1zoP4hUh&ptk=youtube_none&pltype=contentugc&c=web&cver=html5
2014-09-07 17:10:28.904 Cauz Colony[16824:1203] RTCReporting: resolve from http://pancake.apple.com/bags/hls?version=4.12
2014-09-07 17:10:29.219 Cauz Colony[16824:70b] setting movie path: https://r19---sn-vgqs7n7k.googlevideo.com/videoplayback?sver=3&mm=31&requiressl=yes&id=o-ALQN4p99ZulOvBAZGx8lQ5KrbVGiKx_feh7-Q8nD9KkK&initcwndbps=1381000&itag=18&source=youtube&mv=m&mt=1410124175&ratebypass=yes&ms=au&signature=B0B684971DD24712A51FFF5A7B837D8515D8208D.C57C792CF767B33EB5FDC4CA007A9B90F8FD1333&ip=2601%3A4%3A2780%3A204%3A10b4%3Aeb7f%3Ab4c5%3Af131&key=yt5&sparams=id%2Cinitcwndbps%2Cip%2Cipbits%2Citag%2Cmm%2Cms%2Cmv%2Cratebypass%2Crequiressl%2Csource%2Cupn%2Cexpire&expire=1410145831&ipbits=0&upn=PdkbbDRMh78&fexp=927622%2C927880%2C931983%2C932404%2C932623%2C934024%2C934030%2C946023%2C947209%2C953801&cpn=uIsX0uZZ1zoP4hUh&ptk=youtube_none&pltype=contentugc&c=web&cver=html5
2014-09-07 17:10:43.420 Cauz Colony[16824:70b] no thanks
2014-09-07 17:10:43.420 Cauz Colony[16824:70b] SurveyCtrl
2014-09-07 17:10:43.420 Cauz Colony[16824:70b] {"type":"multiple-choice","text":"How many licks does it take to get to the center of a Tootsie Roll Tottsie Pop?","options":[{"text":"1","value":"1"},{"text":"2","value":"2"},{"text":"3","value":"3"}]}
2014-09-07 17:10:46.384 Cauz Colony[16824:70b] submit 2
2014-09-07 17:10:46.385 Cauz Colony[16824:70b] [2]
2014-09-07 17:10:48.778 Cauz Colony[16824:70b] submit 0,1
2014-09-07 17:10:48.778 Cauz Colony[16824:70b] [2,[0,1]]
2014-09-07 17:10:56.193 Cauz Colony[16824:70b] submit 1
2014-09-07 17:10:56.193 Cauz Colony[16824:70b] [2,[0,1],"1"]
2014-09-07 17:11:00.393 Cauz Colony[16824:70b] submit H
2014-09-07 17:11:00.393 Cauz Colony[16824:70b] [2,[0,1],"1","H"]
Terminating in response to SpringBoard's termination.
2014-09-09 08:54:31.708 Cauz Colony[25643:70b] Multi-tasking -> Device: YES, App: YES
2014-09-09 08:54:31.738 Cauz Colony[25643:70b] Unlimited access to network resources
2014-09-09 08:54:31.881 Cauz Colony[25643:70b] [CDVTimer][keyboard] 0.088036ms
2014-09-09 08:54:31.882 Cauz Colony[25643:70b] CDVPlugin class CDVStatusBar (pluginName: statusbar) does not exist.
2014-09-09 08:54:31.882 Cauz Colony[25643:70b] [CDVTimer][statusbar] 0.494957ms
2014-09-09 08:54:31.883 Cauz Colony[25643:70b] [CDVTimer][TotalPluginStartup] 1.505971ms
2014-09-09 08:54:32.114 Cauz Colony[25643:70b] Resetting plugins due to page load.
2014-09-09 08:54:32.562 Cauz Colony[25643:70b] Finished load of: file:///Users/drmunklung/Library/Application%20Support/iPhone%20Simulator/7.1/Applications/610B1C19-59AF-429D-A8B7-D8FC8F71B130/Cauz%20Colony.app/www/index.html#/home
2014-09-09 08:55:36.681 Cauz Colony[25643:70b] SurveyCtrl
2014-09-09 08:55:36.681 Cauz Colony[25643:70b] {"type":"multiple-choice","text":"How many licks does it take to get to the center of a Tootsie Roll Tottsie Pop?","options":[{"text":"1","value":"1"},{"text":"2","value":"2"},{"text":"3","value":"3"}]}
2014-09-09 08:55:38.598 Cauz Colony[25643:70b] submit 0
2014-09-09 08:55:38.599 Cauz Colony[25643:70b] [0]
2014-09-09 08:55:45.606 Cauz Colony[25643:70b] submit 0
2014-09-09 08:55:45.607 Cauz Colony[25643:70b] [0,[0]]
2014-09-09 08:56:08.236 Cauz Colony[25643:70b] submit 0
2014-09-09 08:56:08.236 Cauz Colony[25643:70b] [0,[0],"0"]
2014-09-09 08:56:16.934 Cauz Colony[25643:70b] submit sdfg
2014-09-09 08:56:16.934 Cauz Colony[25643:70b] [0,[0],"0","sdfg"]
2014-10-26 17:21:31.758 Cauz Colony[16299:7009007] DiskCookieStorage changing policy from 2 to 0, cookie file: file:///Users/jon/Library/Developer/CoreSimulator/Devices/F5AB76DF-EC0B-4B43-A30C-9F5269C6807C/data/Containers/Data/Application/B72C1968-1AB1-4F0B-A863-5A42AD817675/Library/Cookies/Cookies.binarycookies
2014-10-26 17:21:31.854 Cauz Colony[16299:7009007] Multi-tasking -> Device: YES, App: YES
2014-10-26 17:21:31.878 Cauz Colony[16299:7009007] Unlimited access to network resources
2014-10-26 17:21:32.451 Cauz Colony[16299:7009007] [CDVTimer][keyboard] 0.090003ms
2014-10-26 17:21:32.563 Cauz Colony[16299:7009007] [CDVTimer][statusbar] 111.155987ms
2014-10-26 17:21:32.563 Cauz Colony[16299:7009007] [CDVTimer][TotalPluginStartup] 111.700952ms
2014-10-26 17:21:33.697 Cauz Colony[16299:7009007] Resetting plugins due to page load.
2014-10-26 17:21:33.973 Cauz Colony[16299:7009007] Finished load of: file:///Users/jon/Library/Developer/CoreSimulator/Devices/F5AB76DF-EC0B-4B43-A30C-9F5269C6807C/data/Containers/Bundle/Application/0E4A8A28-82C9-48A4-B4AA-DAE97E7E6490/Cauz%20Colony.app/www/index.html#/home
2014-10-26 17:22:40.189 Cauz Colony[16685:7010894] DiskCookieStorage changing policy from 2 to 0, cookie file: file:///Users/jon/Library/Developer/CoreSimulator/Devices/F5AB76DF-EC0B-4B43-A30C-9F5269C6807C/data/Containers/Data/Application/7F025858-93ED-402F-B7F4-06C32C1F5DB3/Library/Cookies/Cookies.binarycookies
2014-10-26 17:22:40.288 Cauz Colony[16685:7010894] Multi-tasking -> Device: YES, App: YES
2014-10-26 17:22:40.295 Cauz Colony[16685:7010894] Unlimited access to network resources
2014-10-26 17:22:40.510 Cauz Colony[16685:7010894] [CDVTimer][keyboard] 0.052035ms
2014-10-26 17:22:40.524 Cauz Colony[16685:7010894] [CDVTimer][statusbar] 14.024019ms
2014-10-26 17:22:40.524 Cauz Colony[16685:7010894] [CDVTimer][TotalPluginStartup] 14.346957ms
2014-10-26 17:22:40.589 Cauz Colony[16685:7010894] Resetting plugins due to page load.
2014-10-26 17:22:40.734 Cauz Colony[16685:7010894] Finished load of: file:///Users/jon/Library/Developer/CoreSimulator/Devices/F5AB76DF-EC0B-4B43-A30C-9F5269C6807C/data/Containers/Bundle/Application/FFF90DCB-39BF-42FD-9FBE-688ED57AA294/Cauz%20Colony.app/www/index.html#/home
Oct 26 17:22:54 LittleMama rtcreporting[16685] <Info>: logging starts...
Oct 26 17:22:54 LittleMama rtcreporting[16685] <Debug>: setMessageLoggingBlock: called
2014-10-26 17:23:08.566 Cauz Colony[16685:7010894] no thanks
2014-10-26 17:23:08.584 Cauz Colony[16685:7010894] SurveyCtrl
Oct 26 17:23:16 LittleMama rtcreporting[16685] <Debug>: initWithSessionInfo: XPC connection interrupted
2014-11-21 15:25:37.209 Cauz Colony[6576:3240843] DiskCookieStorage changing policy from 2 to 0, cookie file: file:///Users/jon/Library/Developer/CoreSimulator/Devices/F5AB76DF-EC0B-4B43-A30C-9F5269C6807C/data/Containers/Data/Application/D01F0264-0C00-4496-B1B0-2D1313F5DDD7/Library/Cookies/Cookies.binarycookies
2014-11-21 15:25:37.340 Cauz Colony[6576:3240843] Multi-tasking -> Device: YES, App: YES
2014-11-21 15:25:37.372 Cauz Colony[6576:3240843] Unlimited access to network resources
2014-11-21 15:25:37.784 Cauz Colony[6576:3240843] [CDVTimer][keyboard] 0.084043ms
2014-11-21 15:25:37.871 Cauz Colony[6576:3240843] [CDVTimer][statusbar] 87.390006ms
2014-11-21 15:25:37.871 Cauz Colony[6576:3240843] [CDVTimer][TotalPluginStartup] 87.786019ms
2014-11-21 15:25:37.912 Cauz Colony[6576:3240843] Resetting plugins due to page load.
2014-11-21 15:25:38.198 Cauz Colony[6576:3240843] Finished load of: file:///Users/jon/Library/Developer/CoreSimulator/Devices/F5AB76DF-EC0B-4B43-A30C-9F5269C6807C/data/Containers/Bundle/Application/05A6B682-1320-4202-A693-8C9230EA16DD/Cauz%20Colony.app/www/index.html#/home
2014-11-21 15:25:38.392 Cauz Colony[6576:3240843] home home
2014-11-21 15:25:38.392 Cauz Colony[6576:3240843] {"orientation":"portrait-primary"}
2014-11-21 15:25:38.412 Cauz Colony[6576:3240843] THREAD WARNING: ['YoikScreenOrientation'] took '19.781982' ms. Plugin should use a background thread.
2015-01-04 18:10:34.715 Cauz Colony[19894:3706933] DiskCookieStorage changing policy from 2 to 0, cookie file: file:///Users/jon/Library/Developer/CoreSimulator/Devices/F5AB76DF-EC0B-4B43-A30C-9F5269C6807C/data/Containers/Data/Application/32AD2EBD-CB4F-45FA-98DA-C8559CC10760/Library/Cookies/Cookies.binarycookies
2015-01-04 18:10:34.801 Cauz Colony[19894:3706933] Multi-tasking -> Device: YES, App: YES
2015-01-04 18:10:34.809 Cauz Colony[19894:3706933] Unlimited access to network resources
2015-01-04 18:10:35.378 Cauz Colony[19894:3706933] [CDVTimer][keyboard] 0.084996ms
2015-01-04 18:10:35.499 Cauz Colony[19894:3706933] [CDVTimer][statusbar] 120.434999ms
2015-01-04 18:10:35.528 Cauz Colony[19894:3706933] [CDVTimer][splashscreen] 29.268026ms
2015-01-04 18:10:35.528 Cauz Colony[19894:3706933] [CDVTimer][TotalPluginStartup] 150.316000ms
2015-01-04 18:10:35.643 Cauz Colony[19894:3706933] Resetting plugins due to page load.
2015-01-04 18:10:35.951 Cauz Colony[19894:3706933] Finished load of: file:///Users/jon/Library/Developer/CoreSimulator/Devices/F5AB76DF-EC0B-4B43-A30C-9F5269C6807C/data/Containers/Bundle/Application/B4304783-FB48-47D4-97B0-5B39090C4139/Cauz%20Colony.app/www/index.html#/home
2015-01-04 18:10:36.153 Cauz Colony[19894:3706933] home home
2015-01-04 18:10:36.153 Cauz Colony[19894:3706933] {"orientation":"portrait-primary"}
2015-01-04 18:10:36.185 Cauz Colony[19894:3706933] THREAD WARNING: ['YoikScreenOrientation'] took '32.081787' ms. Plugin should use a background thread.
2015-03-12 21:09:36.303 Cauz Colony[3358:1194359] DiskCookieStorage changing policy from 2 to 0, cookie file: file:///Users/jon/Library/Developer/CoreSimulator/Devices/F5AB76DF-EC0B-4B43-A30C-9F5269C6807C/data/Containers/Data/Application/F8A79F91-AAC3-4EE7-B766-E4D7F0439BA8/Library/Cookies/Cookies.binarycookies
2015-03-12 21:09:36.394 Cauz Colony[3358:1194359] Multi-tasking -> Device: YES, App: YES
2015-03-12 21:09:36.403 Cauz Colony[3358:1194359] Unlimited access to network resources
2015-03-12 21:09:36.806 Cauz Colony[3358:1194359] [CDVTimer][keyboard] 0.060976ms
2015-03-12 21:09:36.930 Cauz Colony[3358:1194359] [CDVTimer][statusbar] 123.565972ms
2015-03-12 21:09:36.950 Cauz Colony[3358:1194359] [CDVTimer][splashscreen] 20.397007ms
2015-03-12 21:09:36.951 Cauz Colony[3358:1194359] [CDVTimer][TotalPluginStartup] 144.406021ms
2015-03-12 21:09:37.153 Cauz Colony[3358:1194359] Resetting plugins due to page load.
2015-03-12 21:09:37.427 Cauz Colony[3358:1194359] Finished load of: file:///Users/jon/Library/Developer/CoreSimulator/Devices/F5AB76DF-EC0B-4B43-A30C-9F5269C6807C/data/Containers/Bundle/Application/0F561FEF-F334-4141-A644-B5E1184AB5E7/Cauz%20Colony.app/www/index.html#/home
2015-03-12 21:09:37.638 Cauz Colony[3358:1194359] home home
2015-03-12 21:09:37.638 Cauz Colony[3358:1194359] {"orientation":"portrait-primary"}
2015-03-12 21:09:37.676 Cauz Colony[3358:1194359] THREAD WARNING: ['YoikScreenOrientation'] took '37.696045' ms. Plugin should use a background thread.
2015-03-12 21:10:08.886 Cauz Colony[3750:1195885] DiskCookieStorage changing policy from 2 to 0, cookie file: file:///Users/jon/Library/Developer/CoreSimulator/Devices/F5AB76DF-EC0B-4B43-A30C-9F5269C6807C/data/Containers/Data/Application/997B2040-3C1F-4B0F-99A7-84BF7751D2F8/Library/Cookies/Cookies.binarycookies
2015-03-12 21:10:09.045 Cauz Colony[3750:1195885] Multi-tasking -> Device: YES, App: YES
2015-03-12 21:10:09.051 Cauz Colony[3750:1195885] Unlimited access to network resources
2015-03-12 21:10:09.244 Cauz Colony[3750:1195885] [CDVTimer][keyboard] 0.059009ms
2015-03-12 21:10:09.258 Cauz Colony[3750:1195885] [CDVTimer][statusbar] 14.441013ms
2015-03-12 21:10:09.262 Cauz Colony[3750:1195885] [CDVTimer][splashscreen] 3.478050ms
2015-03-12 21:10:09.262 Cauz Colony[3750:1195885] [CDVTimer][TotalPluginStartup] 18.401980ms
2015-03-12 21:10:09.338 Cauz Colony[3750:1195885] Resetting plugins due to page load.
2015-03-12 21:10:09.481 Cauz Colony[3750:1195885] Finished load of: file:///Users/jon/Library/Developer/CoreSimulator/Devices/F5AB76DF-EC0B-4B43-A30C-9F5269C6807C/data/Containers/Bundle/Application/80225182-DCBC-43C4-9F73-CD6803742575/Cauz%20Colony.app/www/index.html#/home
2015-03-12 21:10:09.714 Cauz Colony[3750:1195885] home home
2015-03-12 21:10:09.714 Cauz Colony[3750:1195885] {"orientation":"portrait-primary"}
2015-03-12 21:10:09.733 Cauz Colony[3750:1195885] THREAD WARNING: ['YoikScreenOrientation'] took '18.864014' ms. Plugin should use a background thread.
2015-03-12 21:14:44.166 Cauz Colony[4104:1200637] DiskCookieStorage changing policy from 2 to 0, cookie file: file:///Users/jon/Library/Developer/CoreSimulator/Devices/F5AB76DF-EC0B-4B43-A30C-9F5269C6807C/data/Containers/Data/Application/564059E1-5859-4840-A478-918C210F50F0/Library/Cookies/Cookies.binarycookies
2015-03-12 21:14:44.234 Cauz Colony[4104:1200637] Multi-tasking -> Device: YES, App: YES
2015-03-12 21:14:44.238 Cauz Colony[4104:1200637] Unlimited access to network resources
2015-03-12 21:14:44.388 Cauz Colony[4104:1200637] [CDVTimer][keyboard] 0.059009ms
2015-03-12 21:14:44.413 Cauz Colony[4104:1200637] [CDVTimer][statusbar] 25.150001ms
2015-03-12 21:14:44.417 Cauz Colony[4104:1200637] [CDVTimer][splashscreen] 3.495991ms
2015-03-12 21:14:44.417 Cauz Colony[4104:1200637] [CDVTimer][TotalPluginStartup] 29.100955ms
2015-03-12 21:14:44.509 Cauz Colony[4104:1200637] Resetting plugins due to page load.
2015-03-12 21:14:44.648 Cauz Colony[4104:1200637] Finished load of: file:///Users/jon/Library/Developer/CoreSimulator/Devices/F5AB76DF-EC0B-4B43-A30C-9F5269C6807C/data/Containers/Bundle/Application/E4A5EEB9-5010-4BB6-AEC8-F9E155D4738D/Cauz%20Colony.app/www/index.html#/home
2015-03-12 21:14:44.885 Cauz Colony[4104:1200637] home home
2015-03-12 21:14:44.885 Cauz Colony[4104:1200637] {"orientation":"portrait-primary"}
2015-03-12 21:14:44.901 Cauz Colony[4104:1200637] THREAD WARNING: ['YoikScreenOrientation'] took '15.847900' ms. Plugin should use a background thread.
2015-03-12 21:14:56.963 Cauz Colony[4104:1200670] Terminating since there is no system app.
2015-04-25 13:45:44.182 Cauz Colony[6407:1047828] DiskCookieStorage changing policy from 2 to 0, cookie file: file:///Users/jon/Library/Developer/CoreSimulator/Devices/F638AE75-E04E-462E-8897-2C8079E94E11/data/Containers/Data/Application/7A868522-6FA1-4D6C-9A52-84A31FDB6AB8/Library/Cookies/Cookies.binarycookies
2015-04-25 13:45:44.235 Cauz Colony[6407:1047828] Multi-tasking -> Device: YES, App: YES
2015-04-25 13:45:44.245 Cauz Colony[6407:1047828] Unlimited access to network resources
2015-04-25 13:45:44.536 Cauz Colony[6407:1047828] [CDVTimer][keyboard] 0.059009ms
2015-04-25 13:45:44.610 Cauz Colony[6407:1047828] [CDVTimer][statusbar] 73.475003ms
2015-04-25 13:45:44.619 Cauz Colony[6407:1047828] [CDVTimer][splashscreen] 9.661973ms
2015-04-25 13:45:44.619 Cauz Colony[6407:1047828] [CDVTimer][TotalPluginStartup] 83.586991ms
2015-04-25 13:45:44.923 Cauz Colony[6407:1047828] Resetting plugins due to page load.
2015-04-25 13:45:45.174 Cauz Colony[6407:1047828] Finished load of: file:///Users/jon/Library/Developer/CoreSimulator/Devices/F638AE75-E04E-462E-8897-2C8079E94E11/data/Containers/Bundle/Application/C6F888CB-2B8D-4C61-B862-DCF7128D8F9F/Cauz%20Colony.app/www/index.html#/home
2015-04-25 13:46:06.625 Cauz Colony[6407:1047910] Terminating since there is no system app.
2015-04-25 13:49:15.645 Cauz Colony[6747:1050782] Multi-tasking -> Device: YES, App: YES
2015-04-25 13:49:15.651 Cauz Colony[6747:1050782] Unlimited access to network resources
2015-04-25 13:49:15.718 Cauz Colony[6747:1050782] [CDVTimer][keyboard] 0.081003ms
2015-04-25 13:49:15.750 Cauz Colony[6747:1050782] [CDVTimer][statusbar] 32.218993ms
2015-04-25 13:49:15.753 Cauz Colony[6747:1050782] [CDVTimer][splashscreen] 3.072023ms
2015-04-25 13:49:15.753 Cauz Colony[6747:1050782] [CDVTimer][TotalPluginStartup] 35.842001ms
2015-04-25 13:49:15.900 Cauz Colony[6747:1050782] Resetting plugins due to page load.
2015-04-25 13:49:16.057 Cauz Colony[6747:1050782] Finished load of: file:///Users/jon/Library/Developer/CoreSimulator/Devices/F638AE75-E04E-462E-8897-2C8079E94E11/data/Containers/Bundle/Application/0CEB9980-BF99-402F-A1E6-912C39CF1653/Cauz%20Colony.app/www/index.html#/home
2015-04-25 13:51:39.817 Cauz Colony[7136:1054723] Multi-tasking -> Device: YES, App: YES
2015-04-25 13:51:39.821 Cauz Colony[7136:1054723] Unlimited access to network resources
2015-04-25 13:51:39.885 Cauz Colony[7136:1054723] [CDVTimer][keyboard] 0.051975ms
2015-04-25 13:51:39.900 Cauz Colony[7136:1054723] [CDVTimer][statusbar] 14.683962ms
2015-04-25 13:51:39.904 Cauz Colony[7136:1054723] [CDVTimer][splashscreen] 3.621042ms
2015-04-25 13:51:39.904 Cauz Colony[7136:1054723] [CDVTimer][TotalPluginStartup] 18.738985ms
2015-04-25 13:51:39.991 Cauz Colony[7136:1054723] Resetting plugins due to page load.
2015-04-25 13:55:41.415 Cauz Colony[7513:1056991] DiskCookieStorage changing policy from 2 to 0, cookie file: file:///Users/jon/Library/Developer/CoreSimulator/Devices/8691EAC8-5AC5-489E-845B-1AF3A7E76711/data/Containers/Data/Application/E59C288A-DDE9-43C4-8582-5B7D89AF4655/Library/Cookies/Cookies.binarycookies
2015-04-25 13:55:41.485 Cauz Colony[7513:1056991] Multi-tasking -> Device: YES, App: YES
2015-04-25 13:55:41.493 Cauz Colony[7513:1056991] Unlimited access to network resources
2015-04-25 13:55:41.604 Cauz Colony[7513:1056991] [CDVTimer][keyboard] 0.088990ms
2015-04-25 13:55:41.635 Cauz Colony[7513:1056991] [CDVTimer][statusbar] 31.050026ms
2015-04-25 13:55:41.642 Cauz Colony[7513:1056991] [CDVTimer][splashscreen] 6.267965ms
2015-04-25 13:55:41.642 Cauz Colony[7513:1056991] [CDVTimer][TotalPluginStartup] 38.044035ms
2015-04-25 13:55:42.051 Cauz Colony[7513:1056991] Resetting plugins due to page load.
2015-04-25 13:55:42.201 Cauz Colony[7513:1056991] Finished load of: file:///Users/jon/Library/Developer/CoreSimulator/Devices/8691EAC8-5AC5-489E-845B-1AF3A7E76711/data/Containers/Bundle/Application/8A597852-7FCA-40B5-A678-AE862F1725F2/Cauz%20Colony.app/www/index.html#/home
2015-04-25 18:25:46.078 Cauz Colony[8528:1140585] Multi-tasking -> Device: YES, App: YES
2015-04-25 18:25:46.102 Cauz Colony[8528:1140585] Unlimited access to network resources
2015-04-25 18:25:46.413 Cauz Colony[8528:1140585] [CDVTimer][keyboard] 0.056982ms
2015-04-25 18:25:46.484 Cauz Colony[8528:1140585] [CDVTimer][statusbar] 70.586026ms
2015-04-25 18:25:46.503 Cauz Colony[8528:1140585] [CDVTimer][splashscreen] 19.662976ms
2015-04-25 18:25:46.504 Cauz Colony[8528:1140585] [CDVTimer][TotalPluginStartup] 90.736985ms
2015-04-25 18:25:46.611 Cauz Colony[8528:1140585] Resetting plugins due to page load.
2015-04-25 18:25:47.036 Cauz Colony[8528:1140585] Finished load of: file:///Users/jon/Library/Developer/CoreSimulator/Devices/F638AE75-E04E-462E-8897-2C8079E94E11/data/Containers/Bundle/Application/8DEFDCBB-D97E-4878-B124-00930D17ADFB/Cauz%20Colony.app/www/index.html#/home
2015-04-25 18:25:59.002 Cauz Colony[8528:1140621] Terminating since there is no system app.
2015-04-25 18:26:57.795 Cauz Colony[8856:1142228] Multi-tasking -> Device: YES, App: YES
2015-04-25 18:26:57.801 Cauz Colony[8856:1142228] Unlimited access to network resources
2015-04-25 18:26:57.862 Cauz Colony[8856:1142228] [CDVTimer][keyboard] 0.048995ms
2015-04-25 18:26:57.876 Cauz Colony[8856:1142228] [CDVTimer][statusbar] 13.917983ms
2015-04-25 18:26:57.879 Cauz Colony[8856:1142228] [CDVTimer][splashscreen] 3.094971ms
2015-04-25 18:26:57.880 Cauz Colony[8856:1142228] [CDVTimer][TotalPluginStartup] 17.457962ms
2015-04-25 18:26:57.964 Cauz Colony[8856:1142228] Resetting plugins due to page load.
2015-04-25 18:26:58.120 Cauz Colony[8856:1142228] Finished load of: file:///Users/jon/Library/Developer/CoreSimulator/Devices/F638AE75-E04E-462E-8897-2C8079E94E11/data/Containers/Bundle/Application/4A5D2DFB-00B2-4DB3-9CA3-6B79663CDD30/Cauz%20Colony.app/www/index.html#/home
2015-04-25 18:26:58.275 Cauz Colony[8856:1142228] THREAD WARNING: ['StatusBar'] took '14.537109' ms. Plugin should use a background thread.
2015-04-25 18:27:21.263 Cauz Colony[9194:1143292] DiskCookieStorage changing policy from 2 to 0, cookie file: file:///Users/jon/Library/Developer/CoreSimulator/Devices/8691EAC8-5AC5-489E-845B-1AF3A7E76711/data/Containers/Data/Application/6E6D7DDC-6A66-4A6D-82D0-BF25B2A2E3D3/Library/Cookies/Cookies.binarycookies
2015-04-25 18:27:21.380 Cauz Colony[9194:1143292] Multi-tasking -> Device: YES, App: YES
2015-04-25 18:27:21.388 Cauz Colony[9194:1143292] Unlimited access to network resources
2015-04-25 18:27:21.477 Cauz Colony[9194:1143292] [CDVTimer][keyboard] 0.054002ms
2015-04-25 18:27:21.497 Cauz Colony[9194:1143292] [CDVTimer][statusbar] 19.463003ms
2015-04-25 18:27:21.500 Cauz Colony[9194:1143292] [CDVTimer][splashscreen] 3.261030ms
2015-04-25 18:27:21.500 Cauz Colony[9194:1143292] [CDVTimer][TotalPluginStartup] 23.166001ms
2015-04-25 18:27:21.601 Cauz Colony[9194:1143292] Resetting plugins due to page load.
2015-04-25 18:27:21.752 Cauz Colony[9194:1143292] Finished load of: file:///Users/jon/Library/Developer/CoreSimulator/Devices/8691EAC8-5AC5-489E-845B-1AF3A7E76711/data/Containers/Bundle/Application/7F2A55E9-EB61-433B-A9EB-E560A2CF8163/Cauz%20Colony.app/www/index.html#/home
2015-04-25 18:27:21.871 Cauz Colony[9194:1143292] THREAD WARNING: ['StatusBar'] took '12.239014' ms. Plugin should use a background thread.
2015-04-25 18:29:49.297 Cauz Colony[9601:1147380] Multi-tasking -> Device: YES, App: YES
2015-04-25 18:29:49.306 Cauz Colony[9601:1147380] Unlimited access to network resources
2015-04-25 18:29:49.397 Cauz Colony[9601:1147380] [CDVTimer][keyboard] 0.052989ms
2015-04-25 18:29:49.417 Cauz Colony[9601:1147380] [CDVTimer][statusbar] 19.995987ms
2015-04-25 18:29:49.420 Cauz Colony[9601:1147380] [CDVTimer][splashscreen] 3.280997ms
2015-04-25 18:29:49.420 Cauz Colony[9601:1147380] [CDVTimer][TotalPluginStartup] 23.783982ms
2015-04-25 18:29:49.544 Cauz Colony[9601:1147380] Resetting plugins due to page load.
2015-04-25 18:29:49.710 Cauz Colony[9601:1147380] Finished load of: file:///Users/jon/Library/Developer/CoreSimulator/Devices/8691EAC8-5AC5-489E-845B-1AF3A7E76711/data/Containers/Bundle/Application/78ED4A22-1558-4163-8541-282826FBE7BA/Cauz%20Colony.app/www/index.html#/home
2015-04-25 18:31:19.463 Cauz Colony[9925:1149209] Multi-tasking -> Device: YES, App: YES
2015-04-25 18:31:19.470 Cauz Colony[9925:1149209] Unlimited access to network resources
2015-04-25 18:31:19.567 Cauz Colony[9925:1149209] [CDVTimer][keyboard] 0.052989ms
2015-04-25 18:31:19.586 Cauz Colony[9925:1149209] [CDVTimer][statusbar] 18.668950ms
2015-04-25 18:31:19.589 Cauz Colony[9925:1149209] [CDVTimer][splashscreen] 3.046989ms
2015-04-25 18:31:19.589 Cauz Colony[9925:1149209] [CDVTimer][TotalPluginStartup] 22.168994ms
2015-04-25 18:31:19.704 Cauz Colony[9925:1149209] Resetting plugins due to page load.
2015-04-25 18:31:19.864 Cauz Colony[9925:1149209] Finished load of: file:///Users/jon/Library/Developer/CoreSimulator/Devices/8691EAC8-5AC5-489E-845B-1AF3A7E76711/data/Containers/Bundle/Application/6F608EBC-023E-441B-9D52-83061C1F4D33/Cauz%20Colony.app/www/index.html#/home
2015-04-25 18:32:20.935 Cauz Colony[10489:1151332] Multi-tasking -> Device: YES, App: YES
2015-04-25 18:32:20.940 Cauz Colony[10489:1151332] Unlimited access to network resources
2015-04-25 18:32:21.021 Cauz Colony[10489:1151332] [CDVTimer][keyboard] 0.072002ms
2015-04-25 18:32:21.040 Cauz Colony[10489:1151332] [CDVTimer][statusbar] 19.185960ms
2015-04-25 18:32:21.045 Cauz Colony[10489:1151332] [CDVTimer][splashscreen] 4.229009ms
2015-04-25 18:32:21.045 Cauz Colony[10489:1151332] [CDVTimer][TotalPluginStartup] 23.961008ms
2015-04-25 18:32:21.120 Cauz Colony[10489:1151332] Resetting plugins due to page load.
2015-04-25 18:32:21.347 Cauz Colony[10489:1151332] Finished load of: file:///Users/jon/Library/Developer/CoreSimulator/Devices/8691EAC8-5AC5-489E-845B-1AF3A7E76711/data/Containers/Bundle/Application/9AB1313C-9437-44C1-B9E4-D3A6611F06CB/Cauz%20Colony.app/www/index.html#/home
2015-04-25 18:33:44.909 Cauz Colony[10771:1152764] Multi-tasking -> Device: YES, App: YES
2015-04-25 18:33:44.918 Cauz Colony[10771:1152764] Unlimited access to network resources
2015-04-25 18:33:45.033 Cauz Colony[10771:1152764] [CDVTimer][keyboard] 0.055015ms
2015-04-25 18:33:45.060 Cauz Colony[10771:1152764] [CDVTimer][statusbar] 26.955009ms
2015-04-25 18:33:45.066 Cauz Colony[10771:1152764] [CDVTimer][splashscreen] 5.230010ms
2015-04-25 18:33:45.066 Cauz Colony[10771:1152764] [CDVTimer][TotalPluginStartup] 32.736003ms
2015-04-25 18:33:45.216 Cauz Colony[10771:1152764] Resetting plugins due to page load.
2015-04-25 18:33:45.376 Cauz Colony[10771:1152764] Finished load of: file:///Users/jon/Library/Developer/CoreSimulator/Devices/8691EAC8-5AC5-489E-845B-1AF3A7E76711/data/Containers/Bundle/Application/1BAD6509-86AF-4DCD-BE34-C30A2E37AC39/Cauz%20Colony.app/www/index.html#/home
2015-04-25 18:33:47.246 Cauz Colony[10771:1152764] [{"id":"553c12e90bbef76b28cafc4a","image":"https://res.cloudinary.com/cauz-colony/image/upload/v1430000191/lmxgqlndebn29mrwj5fe.jpg"}]
2015-04-25 18:33:55.438 Cauz Colony[10771:1152764] getCurrent
2015-04-25 18:33:55.439 Cauz Colony[10771:1152764] {"project":{"title":"Powerbeats","offer":{"link":"http://www.beatsbydre.com/earphones/beats-powerbeats2-wireless.html","image":"https://res.cloudinary.com/cauz-colony/image/upload/v1430000327/zwhkj5hyfnf6tgppbpp9.jpg"},"charityId":"553c12160bbef76b28cafc47","charityName":"SF-MARIN FOOD BANK","steps":[{"_id":"553c131a0bbef76b28cafc4b","optionA":"","optionB":"","optionC":"","optionD":"","text":"<p>Powerbeats. Earbuds designed for athletes by LeBron James and Dr. Dre. Learn more below. Press play.</p>","type":"video","videoId":"7qraNrqA2pw"},{"_id":"553c13600bbef76b28cafc4c","optionA":"Shank tongue corned beef","optionB":"Shankle ribeye beef pastrami t-bone flank, salami rump","optionC":"Chuck short ribs pork belly strip steak alcatra t-bone","optionD":"Turducken bresaola strip steak jerky","text":"<p>Bacon ipsum dolor amet chuck meatloaf cow ham hock, tri-tip turducken brisket shank shoulder short loin spare ribs. Ball tip ribeye beef ribs, biltong filet mignon t-bone pork loin andouille landjaeger hamburger short loin chicken pancetta.</p>","type":"survey.multiple-choice","videoId":"","options":["Shank tongue corned beef","Shankle ribeye beef pastrami t-bone flank, salami rump","Chuck short ribs pork belly strip steak alcatra t-bone","Turducken bresaola strip steak jerky"]},{"_id":"553c13a30bbef76b28cafc4d","optionA":"","optionB":"","optionC":"","optionD":"","text":"<p>CLEARER SOUND. DEEPER BASS.<br />Powerbeats earphones are the<br />only Beats by Dr. Dre earbuds<br />that come with two speakers<br />inside each bud. That means you<br />get crystal clear highs and deep,<br />rumbling lows</p>","type":"survey.rating","videoId":"","options":[1,2,3,4]},{"_id":"553c13c40bbef76b28cafc4e","optionA":"","optionB":"","optionC":"","optionD":"","text":"<p>Thoughts?</p>","type":"survey.open","videoId":""},{"_id":"553c13eb0bbef76b28cafc4f","optionA":"","optionB":"","optionC":"","optionD":"","text":"<p>REMOTE CONTROL CORD.<br />You can adjust your music to<br />find your power song right from<br />the cord. No need to fumble<br />with your MP3 player during<br />your workout.</p>","type":"survey.rating","videoId":"","options":[1,2,3,4]}]},"step":0}
2015-04-25 18:33:55.440 Cauz Colony[10771:1152764] getCurrent
2015-04-25 18:33:55.440 Cauz Colony[10771:1152764] {"project":{"title":"Powerbeats","offer":{"link":"http://www.beatsbydre.com/earphones/beats-powerbeats2-wireless.html","image":"https://res.cloudinary.com/cauz-colony/image/upload/v1430000327/zwhkj5hyfnf6tgppbpp9.jpg"},"charityId":"553c12160bbef76b28cafc47","charityName":"SF-MARIN FOOD BANK","steps":[{"_id":"553c131a0bbef76b28cafc4b","optionA":"","optionB":"","optionC":"","optionD":"","text":"<p>Powerbeats. Earbuds designed for athletes by LeBron James and Dr. Dre. Learn more below. Press play.</p>","type":"video","videoId":"7qraNrqA2pw"},{"_id":"553c13600bbef76b28cafc4c","optionA":"Shank tongue corned beef","optionB":"Shankle ribeye beef pastrami t-bone flank, salami rump","optionC":"Chuck short ribs pork belly strip steak alcatra t-bone","optionD":"Turducken bresaola strip steak jerky","text":"<p>Bacon ipsum dolor amet chuck meatloaf cow ham hock, tri-tip turducken brisket shank shoulder short loin spare ribs. Ball tip ribeye beef ribs, biltong filet mignon t-bone pork loin andouille landjaeger hamburger short loin chicken pancetta.</p>","type":"survey.multiple-choice","videoId":"","options":["Shank tongue corned beef","Shankle ribeye beef pastrami t-bone flank, salami rump","Chuck short ribs pork belly strip steak alcatra t-bone","Turducken bresaola strip steak jerky"]},{"_id":"553c13a30bbef76b28cafc4d","optionA":"","optionB":"","optionC":"","optionD":"","text":"<p>CLEARER SOUND. DEEPER BASS.<br />Powerbeats earphones are the<br />only Beats by Dr. Dre earbuds<br />that come with two speakers<br />inside each bud. That means you<br />get crystal clear highs and deep,<br />rumbling lows</p>","type":"survey.rating","videoId":"","options":[1,2,3,4]},{"_id":"553c13c40bbef76b28cafc4e","optionA":"","optionB":"","optionC":"","optionD":"","text":"<p>Thoughts?</p>","type":"survey.open","videoId":""},{"_id":"553c13eb0bbef76b28cafc4f","optionA":"","optionB":"","optionC":"","optionD":"","text":"<p>REMOTE CONTROL CORD.<br />You can adjust your music to<br />find your power song right from<br />the cord. No need to fumble<br />with your MP3 player during<br />your workout.</p>","type":"survey.rating","videoId":"","options":[1,2,3,4]}]},"step":0}
2015-04-25 18:33:55.442 Cauz Colony[10771:1152764] Warning: Attempt to present <ForcedViewController: 0x79f694e0> on <MainViewController: 0x7a026290> while a presentation is in progress!
2015-04-25 18:33:55.442 Cauz Colony[10771:1152764] Warning: Attempt to dismiss from view controller <MainViewController: 0x7a026290> while a presentation or dismiss is in progress!
2015-04-25 18:34:48.697 Cauz Colony[10771:1152764] no thanks
2015-04-25 18:34:48.697 Cauz Colony[10771:1152764] getCurrent
2015-04-25 18:34:48.697 Cauz Colony[10771:1152764] {"project":{"title":"Powerbeats","offer":{"link":"http://www.beatsbydre.com/earphones/beats-powerbeats2-wireless.html","image":"https://res.cloudinary.com/cauz-colony/image/upload/v1430000327/zwhkj5hyfnf6tgppbpp9.jpg"},"charityId":"553c12160bbef76b28cafc47","charityName":"SF-MARIN FOOD BANK","steps":[{"_id":"553c131a0bbef76b28cafc4b","optionA":"","optionB":"","optionC":"","optionD":"","text":"<p>Powerbeats. Earbuds designed for athletes by LeBron James and Dr. Dre. Learn more below. Press play.</p>","type":"video","videoId":"7qraNrqA2pw"},{"_id":"553c13600bbef76b28cafc4c","optionA":"Shank tongue corned beef","optionB":"Shankle ribeye beef pastrami t-bone flank, salami rump","optionC":"Chuck short ribs pork belly strip steak alcatra t-bone","optionD":"Turducken bresaola strip steak jerky","text":"<p>Bacon ipsum dolor amet chuck meatloaf cow ham hock, tri-tip turducken brisket shank shoulder short loin spare ribs. Ball tip ribeye beef ribs, biltong filet mignon t-bone pork loin andouille landjaeger hamburger short loin chicken pancetta.</p>","type":"survey.multiple-choice","videoId":"","options":["Shank tongue corned beef","Shankle ribeye beef pastrami t-bone flank, salami rump","Chuck short ribs pork belly strip steak alcatra t-bone","Turducken bresaola strip steak jerky"]},{"_id":"553c13a30bbef76b28cafc4d","optionA":"","optionB":"","optionC":"","optionD":"","text":"<p>CLEARER SOUND. DEEPER BASS.<br />Powerbeats earphones are the<br />only Beats by Dr. Dre earbuds<br />that come with two speakers<br />inside each bud. That means you<br />get crystal clear highs and deep,<br />rumbling lows</p>","type":"survey.rating","videoId":"","options":[1,2,3,4]},{"_id":"553c13c40bbef76b28cafc4e","optionA":"","optionB":"","optionC":"","optionD":"","text":"<p>Thoughts?</p>","type":"survey.open","videoId":""},{"_id":"553c13eb0bbef76b28cafc4f","optionA":"","optionB":"","optionC":"","optionD":"","text":"<p>REMOTE CONTROL CORD.<br />You can adjust your music to<br />find your power song right from<br />the cord. No need to fumble<br />with your MP3 player during<br />your workout.</p>","type":"survey.rating","videoId":"","options":[1,2,3,4]}]},"step":1}
2015-04-25 18:34:48.698 Cauz Colony[10771:1152764] getCurrent
2015-04-25 18:34:48.698 Cauz Colony[10771:1152764] yup  [object Object]
2015-04-25 18:34:48.700 Cauz Colony[10771:1152764] Warning: Attempt to present <ForcedViewController: 0x79fa7700> on <MainViewController: 0x7a026290> while a presentation is in progress!
2015-04-25 18:34:48.701 Cauz Colony[10771:1152764] Warning: Attempt to dismiss from view controller <MainViewController: 0x7a026290> while a presentation or dismiss is in progress!
2015-04-25 18:34:48.701 Cauz Colony[10771:1152764] Warning: Attempt to present <ForcedViewController: 0x79fb9fb0> on <MainViewController: 0x7a026290> while a presentation is in progress!
2015-04-25 18:34:48.701 Cauz Colony[10771:1152764] Warning: Attempt to dismiss from view controller <MainViewController: 0x7a026290> while a presentation or dismiss is in progress!
2015-04-25 18:34:51.097 Cauz Colony[10771:1152764] [{"answer":"A"}]
2015-04-25 18:34:52.727 Cauz Colony[10771:1152764] [{"answer":"A"},{"answer":2}]
2015-04-25 18:34:58.023 Cauz Colony[10771:1152764] [{"answer":"A"},{"answer":2},{"answer":"asdfasdf"}]
2015-04-25 18:35:00.100 Cauz Colony[10771:1152764] [{"answer":"A"},{"answer":2},{"answer":"asdfasdf"},{"answer":3}]
2015-04-25 18:35:00.113 Cauz Colony[10771:1152764] getCurrent
2015-04-25 18:35:03.163 Cauz Colony[10771:1152764] [{"id":"553c12e90bbef76b28cafc4a","image":"https://res.cloudinary.com/cauz-colony/image/upload/v1430000191/lmxgqlndebn29mrwj5fe.jpg"}]
2015-04-25 18:35:22.783 Cauz Colony[10771:1152764] getCurrent
2015-04-25 18:35:22.783 Cauz Colony[10771:1152764] {"project":{"title":"Powerbeats","offer":{"link":"http://www.beatsbydre.com/earphones/beats-powerbeats2-wireless.html","image":"https://res.cloudinary.com/cauz-colony/image/upload/v1430000327/zwhkj5hyfnf6tgppbpp9.jpg"},"charityId":"553c12160bbef76b28cafc47","charityName":"SF-MARIN FOOD BANK","steps":[{"_id":"553c131a0bbef76b28cafc4b","optionA":"","optionB":"","optionC":"","optionD":"","text":"<p>Powerbeats. Earbuds designed for athletes by LeBron James and Dr. Dre. Learn more below. Press play.</p>","type":"video","videoId":"7qraNrqA2pw"},{"_id":"553c13600bbef76b28cafc4c","optionA":"Shank tongue corned beef","optionB":"Shankle ribeye beef pastrami t-bone flank, salami rump","optionC":"Chuck short ribs pork belly strip steak alcatra t-bone","optionD":"Turducken bresaola strip steak jerky","text":"<p>Bacon ipsum dolor amet chuck meatloaf cow ham hock, tri-tip turducken brisket shank shoulder short loin spare ribs. Ball tip ribeye beef ribs, biltong filet mignon t-bone pork loin andouille landjaeger hamburger short loin chicken pancetta.</p>","type":"survey.multiple-choice","videoId":"","options":["Shank tongue corned beef","Shankle ribeye beef pastrami t-bone flank, salami rump","Chuck short ribs pork belly strip steak alcatra t-bone","Turducken bresaola strip steak jerky"]},{"_id":"553c13a30bbef76b28cafc4d","optionA":"","optionB":"","optionC":"","optionD":"","text":"<p>CLEARER SOUND. DEEPER BASS.<br />Powerbeats earphones are the<br />only Beats by Dr. Dre earbuds<br />that come with two speakers<br />inside each bud. That means you<br />get crystal clear highs and deep,<br />rumbling lows</p>","type":"survey.rating","videoId":"","options":[1,2,3,4]},{"_id":"553c13c40bbef76b28cafc4e","optionA":"","optionB":"","optionC":"","optionD":"","text":"<p>Thoughts?</p>","type":"survey.open","videoId":""},{"_id":"553c13eb0bbef76b28cafc4f","optionA":"","optionB":"","optionC":"","optionD":"","text":"<p>REMOTE CONTROL CORD.<br />You can adjust your music to<br />find your power song right from<br />the cord. No need to fumble<br />with your MP3 player during<br />your workout.</p>","type":"survey.rating","videoId":"","options":[1,2,3,4]}]},"step":0}
2015-04-25 18:35:22.784 Cauz Colony[10771:1152764] getCurrent
2015-04-25 18:35:22.785 Cauz Colony[10771:1152764] {"project":{"title":"Powerbeats","offer":{"link":"http://www.beatsbydre.com/earphones/beats-powerbeats2-wireless.html","image":"https://res.cloudinary.com/cauz-colony/image/upload/v1430000327/zwhkj5hyfnf6tgppbpp9.jpg"},"charityId":"553c12160bbef76b28cafc47","charityName":"SF-MARIN FOOD BANK","steps":[{"_id":"553c131a0bbef76b28cafc4b","optionA":"","optionB":"","optionC":"","optionD":"","text":"<p>Powerbeats. Earbuds designed for athletes by LeBron James and Dr. Dre. Learn more below. Press play.</p>","type":"video","videoId":"7qraNrqA2pw"},{"_id":"553c13600bbef76b28cafc4c","optionA":"Shank tongue corned beef","optionB":"Shankle ribeye beef pastrami t-bone flank, salami rump","optionC":"Chuck short ribs pork belly strip steak alcatra t-bone","optionD":"Turducken bresaola strip steak jerky","text":"<p>Bacon ipsum dolor amet chuck meatloaf cow ham hock, tri-tip turducken brisket shank shoulder short loin spare ribs. Ball tip ribeye beef ribs, biltong filet mignon t-bone pork loin andouille landjaeger hamburger short loin chicken pancetta.</p>","type":"survey.multiple-choice","videoId":"","options":["Shank tongue corned beef","Shankle ribeye beef pastrami t-bone flank, salami rump","Chuck short ribs pork belly strip steak alcatra t-bone","Turducken bresaola strip steak jerky"]},{"_id":"553c13a30bbef76b28cafc4d","optionA":"","optionB":"","optionC":"","optionD":"","text":"<p>CLEARER SOUND. DEEPER BASS.<br />Powerbeats earphones are the<br />only Beats by Dr. Dre earbuds<br />that come with two speakers<br />inside each bud. That means you<br />get crystal clear highs and deep,<br />rumbling lows</p>","type":"survey.rating","videoId":"","options":[1,2,3,4]},{"_id":"553c13c40bbef76b28cafc4e","optionA":"","optionB":"","optionC":"","optionD":"","text":"<p>Thoughts?</p>","type":"survey.open","videoId":""},{"_id":"553c13eb0bbef76b28cafc4f","optionA":"","optionB":"","optionC":"","optionD":"","text":"<p>REMOTE CONTROL CORD.<br />You can adjust your music to<br />find your power song right from<br />the cord. No need to fumble<br />with your MP3 player during<br />your workout.</p>","type":"survey.rating","videoId":"","options":[1,2,3,4]}]},"step":0}
2015-04-25 18:35:22.787 Cauz Colony[10771:1152764] Warning: Attempt to present <ForcedViewController: 0x7a06a290> on <MainViewController: 0x7a026290> while a presentation is in progress!
2015-04-25 18:35:22.787 Cauz Colony[10771:1152764] Warning: Attempt to dismiss from view controller <MainViewController: 0x7a026290> while a presentation or dismiss is in progress!
2015-04-25 18:35:22.787 Cauz Colony[10771:1152764] Warning: Attempt to present <ForcedViewController: 0x7a08de00> on <MainViewController: 0x7a026290> while a presentation is in progress!
2015-04-25 18:35:22.788 Cauz Colony[10771:1152764] Warning: Attempt to dismiss from view controller <MainViewController: 0x7a026290> while a presentation or dismiss is in progress!
2015-04-25 18:35:28.596 Cauz Colony[10771:1152764] no thanks
2015-04-25 18:35:28.596 Cauz Colony[10771:1152764] getCurrent
2015-04-25 18:35:28.596 Cauz Colony[10771:1152764] {"project":{"title":"Powerbeats","offer":{"link":"http://www.beatsbydre.com/earphones/beats-powerbeats2-wireless.html","image":"https://res.cloudinary.com/cauz-colony/image/upload/v1430000327/zwhkj5hyfnf6tgppbpp9.jpg"},"charityId":"553c12160bbef76b28cafc47","charityName":"SF-MARIN FOOD BANK","steps":[{"_id":"553c131a0bbef76b28cafc4b","optionA":"","optionB":"","optionC":"","optionD":"","text":"<p>Powerbeats. Earbuds designed for athletes by LeBron James and Dr. Dre. Learn more below. Press play.</p>","type":"video","videoId":"7qraNrqA2pw"},{"_id":"553c13600bbef76b28cafc4c","optionA":"Shank tongue corned beef","optionB":"Shankle ribeye beef pastrami t-bone flank, salami rump","optionC":"Chuck short ribs pork belly strip steak alcatra t-bone","optionD":"Turducken bresaola strip steak jerky","text":"<p>Bacon ipsum dolor amet chuck meatloaf cow ham hock, tri-tip turducken brisket shank shoulder short loin spare ribs. Ball tip ribeye beef ribs, biltong filet mignon t-bone pork loin andouille landjaeger hamburger short loin chicken pancetta.</p>","type":"survey.multiple-choice","videoId":"","options":["Shank tongue corned beef","Shankle ribeye beef pastrami t-bone flank, salami rump","Chuck short ribs pork belly strip steak alcatra t-bone","Turducken bresaola strip steak jerky"]},{"_id":"553c13a30bbef76b28cafc4d","optionA":"","optionB":"","optionC":"","optionD":"","text":"<p>CLEARER SOUND. DEEPER BASS.<br />Powerbeats earphones are the<br />only Beats by Dr. Dre earbuds<br />that come with two speakers<br />inside each bud. That means you<br />get crystal clear highs and deep,<br />rumbling lows</p>","type":"survey.rating","videoId":"","options":[1,2,3,4]},{"_id":"553c13c40bbef76b28cafc4e","optionA":"","optionB":"","optionC":"","optionD":"","text":"<p>Thoughts?</p>","type":"survey.open","videoId":""},{"_id":"553c13eb0bbef76b28cafc4f","optionA":"","optionB":"","optionC":"","optionD":"","text":"<p>REMOTE CONTROL CORD.<br />You can adjust your music to<br />find your power song right from<br />the cord. No need to fumble<br />with your MP3 player during<br />your workout.</p>","type":"survey.rating","videoId":"","options":[1,2,3,4]}]},"step":1}
2015-04-25 18:35:28.597 Cauz Colony[10771:1152764] getCurrent
2015-04-25 18:35:28.598 Cauz Colony[10771:1152764] yup  [object Object]
2015-04-25 18:35:28.610 Cauz Colony[10771:1152764] Warning: Attempt to present <ForcedViewController: 0x7a0ad270> on <MainViewController: 0x7a026290> while a presentation is in progress!
2015-04-25 18:35:28.610 Cauz Colony[10771:1152764] Warning: Attempt to dismiss from view controller <MainViewController: 0x7a026290> while a presentation or dismiss is in progress!
2015-04-25 18:35:28.611 Cauz Colony[10771:1152764] Warning: Attempt to present <ForcedViewController: 0x7a0a8870> on <MainViewController: 0x7a026290> while a presentation is in progress!
2015-04-25 18:35:28.611 Cauz Colony[10771:1152764] Warning: Attempt to dismiss from view controller <MainViewController: 0x7a026290> while a presentation or dismiss is in progress!
2015-04-25 18:35:30.829 Cauz Colony[10771:1152764] [{"answer":"A"}]
2015-04-25 18:35:32.316 Cauz Colony[10771:1152764] [{"answer":"A"},{"answer":2}]
2015-04-25 18:35:36.389 Cauz Colony[10771:1152764] [{"answer":"A"},{"answer":2},{"answer":"asdfasdf"}]
2015-04-25 18:35:38.054 Cauz Colony[10771:1152764] [{"answer":"A"},{"answer":2},{"answer":"asdfasdf"},{"answer":3}]
2015-04-25 18:35:38.055 Cauz Colony[10771:1152764] getCurrent
2015-04-25 18:35:43.767 Cauz Colony[10771:1152764] [{"id":"553c12e90bbef76b28cafc4a","image":"https://res.cloudinary.com/cauz-colony/image/upload/v1430000191/lmxgqlndebn29mrwj5fe.jpg"}]
2015-04-25 18:39:56.410 Cauz Colony[11070:1156507] Multi-tasking -> Device: YES, App: YES
2015-04-25 18:39:56.416 Cauz Colony[11070:1156507] Unlimited access to network resources
2015-04-25 18:39:56.488 Cauz Colony[11070:1156507] [CDVTimer][keyboard] 0.051022ms
2015-04-25 18:39:56.520 Cauz Colony[11070:1156507] [CDVTimer][statusbar] 32.144964ms
2015-04-25 18:39:56.526 Cauz Colony[11070:1156507] [CDVTimer][splashscreen] 6.085992ms
2015-04-25 18:39:56.526 Cauz Colony[11070:1156507] [CDVTimer][TotalPluginStartup] 38.702965ms
2015-04-25 18:39:56.745 Cauz Colony[11070:1156507] Resetting plugins due to page load.
2015-04-25 18:39:56.971 Cauz Colony[11070:1156507] Finished load of: file:///Users/jon/Library/Developer/CoreSimulator/Devices/8691EAC8-5AC5-489E-845B-1AF3A7E76711/data/Containers/Bundle/Application/A0B5AB00-082C-4AFB-A207-840C3EC755D4/Cauz%20Colony.app/www/index.html#/home
2015-04-25 18:40:00.179 Cauz Colony[11070:1156507] [{"id":"553c12e90bbef76b28cafc4a","image":"https://res.cloudinary.com/cauz-colony/image/upload/v1430000191/lmxgqlndebn29mrwj5fe.jpg"},{"id":"553c16db0bbef76b28cafc50","image":"https://res.cloudinary.com/cauz-colony/image/upload/v1430000275/frgorhdxlvxstsnxhfbo.jpg"}]
2015-04-25 18:40:07.303 Cauz Colony[11070:1156507] getCurrent
2015-04-25 18:40:07.303 Cauz Colony[11070:1156507] {"project":{"title":"Powerbeats","offer":{"link":"http://www.beatsbydre.com/earphones/beats-powerbeats2-wireless.html","image":"https://res.cloudinary.com/cauz-colony/image/upload/v1430000327/zwhkj5hyfnf6tgppbpp9.jpg"},"charityId":"553c12160bbef76b28cafc47","charityName":"SF-MARIN FOOD BANK","steps":[{"_id":"553c131a0bbef76b28cafc4b","optionA":"","optionB":"","optionC":"","optionD":"","text":"<p>Powerbeats. Earbuds designed for athletes by LeBron James and Dr. Dre. Learn more below. Press play.</p>","type":"video","videoId":"7qraNrqA2pw"},{"_id":"553c13600bbef76b28cafc4c","optionA":"Shank tongue corned beef","optionB":"Shankle ribeye beef pastrami t-bone flank, salami rump","optionC":"Chuck short ribs pork belly strip steak alcatra t-bone","optionD":"Turducken bresaola strip steak jerky","text":"<p>Bacon ipsum dolor amet chuck meatloaf cow ham hock, tri-tip turducken brisket shank shoulder short loin spare ribs. Ball tip ribeye beef ribs, biltong filet mignon t-bone pork loin andouille landjaeger hamburger short loin chicken pancetta.</p>","type":"survey.multiple-choice","videoId":"","options":["Shank tongue corned beef","Shankle ribeye beef pastrami t-bone flank, salami rump","Chuck short ribs pork belly strip steak alcatra t-bone","Turducken bresaola strip steak jerky"]},{"_id":"553c13a30bbef76b28cafc4d","optionA":"","optionB":"","optionC":"","optionD":"","text":"<p>CLEARER SOUND. DEEPER BASS.<br />Powerbeats earphones are the<br />only Beats by Dr. Dre earbuds<br />that come with two speakers<br />inside each bud. That means you<br />get crystal clear highs and deep,<br />rumbling lows</p>","type":"survey.rating","videoId":"","options":[1,2,3,4]},{"_id":"553c13c40bbef76b28cafc4e","optionA":"","optionB":"","optionC":"","optionD":"","text":"<p>Thoughts?</p>","type":"survey.open","videoId":""},{"_id":"553c13eb0bbef76b28cafc4f","optionA":"","optionB":"","optionC":"","optionD":"","text":"<p>REMOTE CONTROL CORD.<br />You can adjust your music to<br />find your power song right from<br />the cord. No need to fumble<br />with your MP3 player during<br />your workout.</p>","type":"survey.rating","videoId":"","options":[1,2,3,4]}]},"step":0}
2015-04-25 18:40:07.304 Cauz Colony[11070:1156507] getCurrent
2015-04-25 18:40:07.304 Cauz Colony[11070:1156507] {"project":{"title":"Powerbeats","offer":{"link":"http://www.beatsbydre.com/earphones/beats-powerbeats2-wireless.html","image":"https://res.cloudinary.com/cauz-colony/image/upload/v1430000327/zwhkj5hyfnf6tgppbpp9.jpg"},"charityId":"553c12160bbef76b28cafc47","charityName":"SF-MARIN FOOD BANK","steps":[{"_id":"553c131a0bbef76b28cafc4b","optionA":"","optionB":"","optionC":"","optionD":"","text":"<p>Powerbeats. Earbuds designed for athletes by LeBron James and Dr. Dre. Learn more below. Press play.</p>","type":"video","videoId":"7qraNrqA2pw"},{"_id":"553c13600bbef76b28cafc4c","optionA":"Shank tongue corned beef","optionB":"Shankle ribeye beef pastrami t-bone flank, salami rump","optionC":"Chuck short ribs pork belly strip steak alcatra t-bone","optionD":"Turducken bresaola strip steak jerky","text":"<p>Bacon ipsum dolor amet chuck meatloaf cow ham hock, tri-tip turducken brisket shank shoulder short loin spare ribs. Ball tip ribeye beef ribs, biltong filet mignon t-bone pork loin andouille landjaeger hamburger short loin chicken pancetta.</p>","type":"survey.multiple-choice","videoId":"","options":["Shank tongue corned beef","Shankle ribeye beef pastrami t-bone flank, salami rump","Chuck short ribs pork belly strip steak alcatra t-bone","Turducken bresaola strip steak jerky"]},{"_id":"553c13a30bbef76b28cafc4d","optionA":"","optionB":"","optionC":"","optionD":"","text":"<p>CLEARER SOUND. DEEPER BASS.<br />Powerbeats earphones are the<br />only Beats by Dr. Dre earbuds<br />that come with two speakers<br />inside each bud. That means you<br />get crystal clear highs and deep,<br />rumbling lows</p>","type":"survey.rating","videoId":"","options":[1,2,3,4]},{"_id":"553c13c40bbef76b28cafc4e","optionA":"","optionB":"","optionC":"","optionD":"","text":"<p>Thoughts?</p>","type":"survey.open","videoId":""},{"_id":"553c13eb0bbef76b28cafc4f","optionA":"","optionB":"","optionC":"","optionD":"","text":"<p>REMOTE CONTROL CORD.<br />You can adjust your music to<br />find your power song right from<br />the cord. No need to fumble<br />with your MP3 player during<br />your workout.</p>","type":"survey.rating","videoId":"","options":[1,2,3,4]}]},"step":0}
2015-04-25 18:40:07.306 Cauz Colony[11070:1156507] Warning: Attempt to present <ForcedViewController: 0x7b712870> on <MainViewController: 0x7b9a2b50> while a presentation is in progress!
2015-04-25 18:40:07.306 Cauz Colony[11070:1156507] Warning: Attempt to dismiss from view controller <MainViewController: 0x7b9a2b50> while a presentation or dismiss is in progress!
2015-04-25 18:40:12.649 Cauz Colony[11070:1156507] [{"id":"553c12e90bbef76b28cafc4a","image":"https://res.cloudinary.com/cauz-colony/image/upload/v1430000191/lmxgqlndebn29mrwj5fe.jpg"},{"id":"553c16db0bbef76b28cafc50","image":"https://res.cloudinary.com/cauz-colony/image/upload/v1430000275/frgorhdxlvxstsnxhfbo.jpg"}]
2015-04-25 18:40:14.358 Cauz Colony[11070:1156507] getCurrent
2015-04-25 18:40:14.358 Cauz Colony[11070:1156507] {"project":{"title":"Powerbeats","offer":{"link":"http://www.beatsbydre.com/earphones/beats-powerbeats2-wireless.html","image":"https://res.cloudinary.com/cauz-colony/image/upload/v1430000327/zwhkj5hyfnf6tgppbpp9.jpg"},"charityId":"553c12160bbef76b28cafc47","charityName":"SF-MARIN FOOD BANK","steps":[{"_id":"553c131a0bbef76b28cafc4b","optionA":"","optionB":"","optionC":"","optionD":"","text":"<p>Powerbeats. Earbuds designed for athletes by LeBron James and Dr. Dre. Learn more below. Press play.</p>","type":"video","videoId":"7qraNrqA2pw"},{"_id":"553c13600bbef76b28cafc4c","optionA":"Shank tongue corned beef","optionB":"Shankle ribeye beef pastrami t-bone flank, salami rump","optionC":"Chuck short ribs pork belly strip steak alcatra t-bone","optionD":"Turducken bresaola strip steak jerky","text":"<p>Bacon ipsum dolor amet chuck meatloaf cow ham hock, tri-tip turducken brisket shank shoulder short loin spare ribs. Ball tip ribeye beef ribs, biltong filet mignon t-bone pork loin andouille landjaeger hamburger short loin chicken pancetta.</p>","type":"survey.multiple-choice","videoId":"","options":["Shank tongue corned beef","Shankle ribeye beef pastrami t-bone flank, salami rump","Chuck short ribs pork belly strip steak alcatra t-bone","Turducken bresaola strip steak jerky"]},{"_id":"553c13a30bbef76b28cafc4d","optionA":"","optionB":"","optionC":"","optionD":"","text":"<p>CLEARER SOUND. DEEPER BASS.<br />Powerbeats earphones are the<br />only Beats by Dr. Dre earbuds<br />that come with two speakers<br />inside each bud. That means you<br />get crystal clear highs and deep,<br />rumbling lows</p>","type":"survey.rating","videoId":"","options":[1,2,3,4]},{"_id":"553c13c40bbef76b28cafc4e","optionA":"","optionB":"","optionC":"","optionD":"","text":"<p>Thoughts?</p>","type":"survey.open","videoId":""},{"_id":"553c13eb0bbef76b28cafc4f","optionA":"","optionB":"","optionC":"","optionD":"","text":"<p>REMOTE CONTROL CORD.<br />You can adjust your music to<br />find your power song right from<br />the cord. No need to fumble<br />with your MP3 player during<br />your workout.</p>","type":"survey.rating","videoId":"","options":[1,2,3,4]}]},"step":0}
2015-04-25 18:40:14.359 Cauz Colony[11070:1156507] getCurrent
2015-04-25 18:40:14.359 Cauz Colony[11070:1156507] {"project":{"title":"Powerbeats","offer":{"link":"http://www.beatsbydre.com/earphones/beats-powerbeats2-wireless.html","image":"https://res.cloudinary.com/cauz-colony/image/upload/v1430000327/zwhkj5hyfnf6tgppbpp9.jpg"},"charityId":"553c12160bbef76b28cafc47","charityName":"SF-MARIN FOOD BANK","steps":[{"_id":"553c131a0bbef76b28cafc4b","optionA":"","optionB":"","optionC":"","optionD":"","text":"<p>Powerbeats. Earbuds designed for athletes by LeBron James and Dr. Dre. Learn more below. Press play.</p>","type":"video","videoId":"7qraNrqA2pw"},{"_id":"553c13600bbef76b28cafc4c","optionA":"Shank tongue corned beef","optionB":"Shankle ribeye beef pastrami t-bone flank, salami rump","optionC":"Chuck short ribs pork belly strip steak alcatra t-bone","optionD":"Turducken bresaola strip steak jerky","text":"<p>Bacon ipsum dolor amet chuck meatloaf cow ham hock, tri-tip turducken brisket shank shoulder short loin spare ribs. Ball tip ribeye beef ribs, biltong filet mignon t-bone pork loin andouille landjaeger hamburger short loin chicken pancetta.</p>","type":"survey.multiple-choice","videoId":"","options":["Shank tongue corned beef","Shankle ribeye beef pastrami t-bone flank, salami rump","Chuck short ribs pork belly strip steak alcatra t-bone","Turducken bresaola strip steak jerky"]},{"_id":"553c13a30bbef76b28cafc4d","optionA":"","optionB":"","optionC":"","optionD":"","text":"<p>CLEARER SOUND. DEEPER BASS.<br />Powerbeats earphones are the<br />only Beats by Dr. Dre earbuds<br />that come with two speakers<br />inside each bud. That means you<br />get crystal clear highs and deep,<br />rumbling lows</p>","type":"survey.rating","videoId":"","options":[1,2,3,4]},{"_id":"553c13c40bbef76b28cafc4e","optionA":"","optionB":"","optionC":"","optionD":"","text":"<p>Thoughts?</p>","type":"survey.open","videoId":""},{"_id":"553c13eb0bbef76b28cafc4f","optionA":"","optionB":"","optionC":"","optionD":"","text":"<p>REMOTE CONTROL CORD.<br />You can adjust your music to<br />find your power song right from<br />the cord. No need to fumble<br />with your MP3 player during<br />your workout.</p>","type":"survey.rating","videoId":"","options":[1,2,3,4]}]},"step":0}
2015-04-25 18:40:14.361 Cauz Colony[11070:1156507] Warning: Attempt to present <ForcedViewController: 0x7b6afcb0> on <MainViewController: 0x7b9a2b50> while a presentation is in progress!
2015-04-25 18:40:14.361 Cauz Colony[11070:1156507] Warning: Attempt to dismiss from view controller <MainViewController: 0x7b9a2b50> while a presentation or dismiss is in progress!
2015-04-25 18:40:14.361 Cauz Colony[11070:1156507] Warning: Attempt to present <ForcedViewController: 0x7b6eba20> on <MainViewController: 0x7b9a2b50> while a presentation is in progress!
2015-04-25 18:40:14.361 Cauz Colony[11070:1156507] Warning: Attempt to dismiss from view controller <MainViewController: 0x7b9a2b50> while a presentation or dismiss is in progress!
2015-04-25 18:40:19.072 Cauz Colony[11070:1156507] [{"id":"553c12e90bbef76b28cafc4a","image":"https://res.cloudinary.com/cauz-colony/image/upload/v1430000191/lmxgqlndebn29mrwj5fe.jpg"},{"id":"553c16db0bbef76b28cafc50","image":"https://res.cloudinary.com/cauz-colony/image/upload/v1430000275/frgorhdxlvxstsnxhfbo.jpg"}]
2015-04-25 18:40:24.014 Cauz Colony[11070:1156507] getCurrent
2015-04-25 18:40:24.014 Cauz Colony[11070:1156507] {"project":{"title":"Test","offer":{"link":"http://www.beatsbydre.com/earphones/beats-powerbeats2-wireless.html","image":"https://res.cloudinary.com/cauz-colony/image/upload/v1430000327/zwhkj5hyfnf6tgppbpp9.jpg"},"charityId":"553c128a0bbef76b28cafc48","charityName":"San Francisco AIDS Foundation","steps":[{"_id":"553c17010bbef76b28cafc51","optionA":"","optionB":"","optionC":"","optionD":"","text":"<p>Lorem ipsum dolor sit amet, consectetur adipiscing elit. Integer vel odio dignissim, fermentum velit nec, ornare nulla. Phasellus feugiat imperdiet pulvinar.</p>","type":"video","videoId":"-1eN98huvBY"},{"_id":"553c177a0bbef76b28cafc52","optionA":"1","optionB":"2","optionC":"3","optionD":"4","text":"<p>How many links does it take to get to the center of a Tootsie Roll Tootsie Pop?</p>","type":"survey.multiple-choice","videoId":"","options":["1","2","3","4"]}]},"step":0}
2015-04-25 18:40:24.015 Cauz Colony[11070:1156507] getCurrent
2015-04-25 18:40:24.015 Cauz Colony[11070:1156507] {"project":{"title":"Test","offer":{"link":"http://www.beatsbydre.com/earphones/beats-powerbeats2-wireless.html","image":"https://res.cloudinary.com/cauz-colony/image/upload/v1430000327/zwhkj5hyfnf6tgppbpp9.jpg"},"charityId":"553c128a0bbef76b28cafc48","charityName":"San Francisco AIDS Foundation","steps":[{"_id":"553c17010bbef76b28cafc51","optionA":"","optionB":"","optionC":"","optionD":"","text":"<p>Lorem ipsum dolor sit amet, consectetur adipiscing elit. Integer vel odio dignissim, fermentum velit nec, ornare nulla. Phasellus feugiat imperdiet pulvinar.</p>","type":"video","videoId":"-1eN98huvBY"},{"_id":"553c177a0bbef76b28cafc52","optionA":"1","optionB":"2","optionC":"3","optionD":"4","text":"<p>How many links does it take to get to the center of a Tootsie Roll Tootsie Pop?</p>","type":"survey.multiple-choice","videoId":"","options":["1","2","3","4"]}]},"step":0}
2015-04-25 18:40:24.024 Cauz Colony[11070:1156507] Warning: Attempt to present <ForcedViewController: 0x7b763f00> on <MainViewController: 0x7b9a2b50> while a presentation is in progress!
2015-04-25 18:40:24.024 Cauz Colony[11070:1156507] Warning: Attempt to dismiss from view controller <MainViewController: 0x7b9a2b50> while a presentation or dismiss is in progress!
2015-04-25 18:40:24.024 Cauz Colony[11070:1156507] Warning: Attempt to present <ForcedViewController: 0x7b7643b0> on <MainViewController: 0x7b9a2b50> while a presentation is in progress!
2015-04-25 18:40:24.025 Cauz Colony[11070:1156507] Warning: Attempt to dismiss from view controller <MainViewController: 0x7b9a2b50> while a presentation or dismiss is in progress!
2015-04-25 18:40:32.821 Cauz Colony[11070:1156507] [{"id":"553c12e90bbef76b28cafc4a","image":"https://res.cloudinary.com/cauz-colony/image/upload/v1430000191/lmxgqlndebn29mrwj5fe.jpg"},{"id":"553c16db0bbef76b28cafc50","image":"https://res.cloudinary.com/cauz-colony/image/upload/v1430000275/frgorhdxlvxstsnxhfbo.jpg"}]
2015-04-25 18:40:34.690 Cauz Colony[11070:1156507] getCurrent
2015-04-25 18:40:34.690 Cauz Colony[11070:1156507] {"project":{"title":"Powerbeats","offer":{"link":"http://www.beatsbydre.com/earphones/beats-powerbeats2-wireless.html","image":"https://res.cloudinary.com/cauz-colony/image/upload/v1430000327/zwhkj5hyfnf6tgppbpp9.jpg"},"charityId":"553c12160bbef76b28cafc47","charityName":"SF-MARIN FOOD BANK","steps":[{"_id":"553c131a0bbef76b28cafc4b","optionA":"","optionB":"","optionC":"","optionD":"","text":"<p>Powerbeats. Earbuds designed for athletes by LeBron James and Dr. Dre. Learn more below. Press play.</p>","type":"video","videoId":"7qraNrqA2pw"},{"_id":"553c13600bbef76b28cafc4c","optionA":"Shank tongue corned beef","optionB":"Shankle ribeye beef pastrami t-bone flank, salami rump","optionC":"Chuck short ribs pork belly strip steak alcatra t-bone","optionD":"Turducken bresaola strip steak jerky","text":"<p>Bacon ipsum dolor amet chuck meatloaf cow ham hock, tri-tip turducken brisket shank shoulder short loin spare ribs. Ball tip ribeye beef ribs, biltong filet mignon t-bone pork loin andouille landjaeger hamburger short loin chicken pancetta.</p>","type":"survey.multiple-choice","videoId":"","options":["Shank tongue corned beef","Shankle ribeye beef pastrami t-bone flank, salami rump","Chuck short ribs pork belly strip steak alcatra t-bone","Turducken bresaola strip steak jerky"]},{"_id":"553c13a30bbef76b28cafc4d","optionA":"","optionB":"","optionC":"","optionD":"","text":"<p>CLEARER SOUND. DEEPER BASS.<br />Powerbeats earphones are the<br />only Beats by Dr. Dre earbuds<br />that come with two speakers<br />inside each bud. That means you<br />get crystal clear highs and deep,<br />rumbling lows</p>","type":"survey.rating","videoId":"","options":[1,2,3,4]},{"_id":"553c13c40bbef76b28cafc4e","optionA":"","optionB":"","optionC":"","optionD":"","text":"<p>Thoughts?</p>","type":"survey.open","videoId":""},{"_id":"553c13eb0bbef76b28cafc4f","optionA":"","optionB":"","optionC":"","optionD":"","text":"<p>REMOTE CONTROL CORD.<br />You can adjust your music to<br />find your power song right from<br />the cord. No need to fumble<br />with your MP3 player during<br />your workout.</p>","type":"survey.rating","videoId":"","options":[1,2,3,4]}]},"step":0}
2015-04-25 18:40:34.691 Cauz Colony[11070:1156507] getCurrent
2015-04-25 18:40:34.691 Cauz Colony[11070:1156507] {"project":{"title":"Powerbeats","offer":{"link":"http://www.beatsbydre.com/earphones/beats-powerbeats2-wireless.html","image":"https://res.cloudinary.com/cauz-colony/image/upload/v1430000327/zwhkj5hyfnf6tgppbpp9.jpg"},"charityId":"553c12160bbef76b28cafc47","charityName":"SF-MARIN FOOD BANK","steps":[{"_id":"553c131a0bbef76b28cafc4b","optionA":"","optionB":"","optionC":"","optionD":"","text":"<p>Powerbeats. Earbuds designed for athletes by LeBron James and Dr. Dre. Learn more below. Press play.</p>","type":"video","videoId":"7qraNrqA2pw"},{"_id":"553c13600bbef76b28cafc4c","optionA":"Shank tongue corned beef","optionB":"Shankle ribeye beef pastrami t-bone flank, salami rump","optionC":"Chuck short ribs pork belly strip steak alcatra t-bone","optionD":"Turducken bresaola strip steak jerky","text":"<p>Bacon ipsum dolor amet chuck meatloaf cow ham hock, tri-tip turducken brisket shank shoulder short loin spare ribs. Ball tip ribeye beef ribs, biltong filet mignon t-bone pork loin andouille landjaeger hamburger short loin chicken pancetta.</p>","type":"survey.multiple-choice","videoId":"","options":["Shank tongue corned beef","Shankle ribeye beef pastrami t-bone flank, salami rump","Chuck short ribs pork belly strip steak alcatra t-bone","Turducken bresaola strip steak jerky"]},{"_id":"553c13a30bbef76b28cafc4d","optionA":"","optionB":"","optionC":"","optionD":"","text":"<p>CLEARER SOUND. DEEPER BASS.<br />Powerbeats earphones are the<br />only Beats by Dr. Dre earbuds<br />that come with two speakers<br />inside each bud. That means you<br />get crystal clear highs and deep,<br />rumbling lows</p>","type":"survey.rating","videoId":"","options":[1,2,3,4]},{"_id":"553c13c40bbef76b28cafc4e","optionA":"","optionB":"","optionC":"","optionD":"","text":"<p>Thoughts?</p>","type":"survey.open","videoId":""},{"_id":"553c13eb0bbef76b28cafc4f","optionA":"","optionB":"","optionC":"","optionD":"","text":"<p>REMOTE CONTROL CORD.<br />You can adjust your music to<br />find your power song right from<br />the cord. No need to fumble<br />with your MP3 player during<br />your workout.</p>","type":"survey.rating","videoId":"","options":[1,2,3,4]}]},"step":0}
2015-04-25 18:40:34.693 Cauz Colony[11070:1156507] Warning: Attempt to present <ForcedViewController: 0x7b769320> on <MainViewController: 0x7b9a2b50> while a presentation is in progress!
2015-04-25 18:40:34.693 Cauz Colony[11070:1156507] Warning: Attempt to dismiss from view controller <MainViewController: 0x7b9a2b50> while a presentation or dismiss is in progress!
2015-04-25 18:40:34.693 Cauz Colony[11070:1156507] Warning: Attempt to present <ForcedViewController: 0x7b6ca380> on <MainViewController: 0x7b9a2b50> while a presentation is in progress!
2015-04-25 18:40:34.693 Cauz Colony[11070:1156507] Warning: Attempt to dismiss from view controller <MainViewController: 0x7b9a2b50> while a presentation or dismiss is in progress!
2015-04-25 18:40:39.853 Cauz Colony[11070:1156507] [{"id":"553c12e90bbef76b28cafc4a","image":"https://res.cloudinary.com/cauz-colony/image/upload/v1430000191/lmxgqlndebn29mrwj5fe.jpg"},{"id":"553c16db0bbef76b28cafc50","image":"https://res.cloudinary.com/cauz-colony/image/upload/v1430000275/frgorhdxlvxstsnxhfbo.jpg"}]
2015-04-25 18:40:43.155 Cauz Colony[11070:1156507] getCurrent
2015-04-25 18:40:43.155 Cauz Colony[11070:1156507] {"project":{"title":"Powerbeats","offer":{"link":"http://www.beatsbydre.com/earphones/beats-powerbeats2-wireless.html","image":"https://res.cloudinary.com/cauz-colony/image/upload/v1430000327/zwhkj5hyfnf6tgppbpp9.jpg"},"charityId":"553c12160bbef76b28cafc47","charityName":"SF-MARIN FOOD BANK","steps":[{"_id":"553c131a0bbef76b28cafc4b","optionA":"","optionB":"","optionC":"","optionD":"","text":"<p>Powerbeats. Earbuds designed for athletes by LeBron James and Dr. Dre. Learn more below. Press play.</p>","type":"video","videoId":"7qraNrqA2pw"},{"_id":"553c13600bbef76b28cafc4c","optionA":"Shank tongue corned beef","optionB":"Shankle ribeye beef pastrami t-bone flank, salami rump","optionC":"Chuck short ribs pork belly strip steak alcatra t-bone","optionD":"Turducken bresaola strip steak jerky","text":"<p>Bacon ipsum dolor amet chuck meatloaf cow ham hock, tri-tip turducken brisket shank shoulder short loin spare ribs. Ball tip ribeye beef ribs, biltong filet mignon t-bone pork loin andouille landjaeger hamburger short loin chicken pancetta.</p>","type":"survey.multiple-choice","videoId":"","options":["Shank tongue corned beef","Shankle ribeye beef pastrami t-bone flank, salami rump","Chuck short ribs pork belly strip steak alcatra t-bone","Turducken bresaola strip steak jerky"]},{"_id":"553c13a30bbef76b28cafc4d","optionA":"","optionB":"","optionC":"","optionD":"","text":"<p>CLEARER SOUND. DEEPER BASS.<br />Powerbeats earphones are the<br />only Beats by Dr. Dre earbuds<br />that come with two speakers<br />inside each bud. That means you<br />get crystal clear highs and deep,<br />rumbling lows</p>","type":"survey.rating","videoId":"","options":[1,2,3,4]},{"_id":"553c13c40bbef76b28cafc4e","optionA":"","optionB":"","optionC":"","optionD":"","text":"<p>Thoughts?</p>","type":"survey.open","videoId":""},{"_id":"553c13eb0bbef76b28cafc4f","optionA":"","optionB":"","optionC":"","optionD":"","text":"<p>REMOTE CONTROL CORD.<br />You can adjust your music to<br />find your power song right from<br />the cord. No need to fumble<br />with your MP3 player during<br />your workout.</p>","type":"survey.rating","videoId":"","options":[1,2,3,4]}]},"step":0}
2015-04-25 18:40:43.157 Cauz Colony[11070:1156507] getCurrent
2015-04-25 18:40:43.157 Cauz Colony[11070:1156507] {"project":{"title":"Powerbeats","offer":{"link":"http://www.beatsbydre.com/earphones/beats-powerbeats2-wireless.html","image":"https://res.cloudinary.com/cauz-colony/image/upload/v1430000327/zwhkj5hyfnf6tgppbpp9.jpg"},"charityId":"553c12160bbef76b28cafc47","charityName":"SF-MARIN FOOD BANK","steps":[{"_id":"553c131a0bbef76b28cafc4b","optionA":"","optionB":"","optionC":"","optionD":"","text":"<p>Powerbeats. Earbuds designed for athletes by LeBron James and Dr. Dre. Learn more below. Press play.</p>","type":"video","videoId":"7qraNrqA2pw"},{"_id":"553c13600bbef76b28cafc4c","optionA":"Shank tongue corned beef","optionB":"Shankle ribeye beef pastrami t-bone flank, salami rump","optionC":"Chuck short ribs pork belly strip steak alcatra t-bone","optionD":"Turducken bresaola strip steak jerky","text":"<p>Bacon ipsum dolor amet chuck meatloaf cow ham hock, tri-tip turducken brisket shank shoulder short loin spare ribs. Ball tip ribeye beef ribs, biltong filet mignon t-bone pork loin andouille landjaeger hamburger short loin chicken pancetta.</p>","type":"survey.multiple-choice","videoId":"","options":["Shank tongue corned beef","Shankle ribeye beef pastrami t-bone flank, salami rump","Chuck short ribs pork belly strip steak alcatra t-bone","Turducken bresaola strip steak jerky"]},{"_id":"553c13a30bbef76b28cafc4d","optionA":"","optionB":"","optionC":"","optionD":"","text":"<p>CLEARER SOUND. DEEPER BASS.<br />Powerbeats earphones are the<br />only Beats by Dr. Dre earbuds<br />that come with two speakers<br />inside each bud. That means you<br />get crystal clear highs and deep,<br />rumbling lows</p>","type":"survey.rating","videoId":"","options":[1,2,3,4]},{"_id":"553c13c40bbef76b28cafc4e","optionA":"","optionB":"","optionC":"","optionD":"","text":"<p>Thoughts?</p>","type":"survey.open","videoId":""},{"_id":"553c13eb0bbef76b28cafc4f","optionA":"","optionB":"","optionC":"","optionD":"","text":"<p>REMOTE CONTROL CORD.<br />You can adjust your music to<br />find your power song right from<br />the cord. No need to fumble<br />with your MP3 player during<br />your workout.</p>","type":"survey.rating","videoId":"","options":[1,2,3,4]}]},"step":0}
2015-04-25 18:40:43.158 Cauz Colony[11070:1156507] Warning: Attempt to present <ForcedViewController: 0x7b6f2da0> on <MainViewController: 0x7b9a2b50> while a presentation is in progress!
2015-04-25 18:40:43.158 Cauz Colony[11070:1156507] Warning: Attempt to dismiss from view controller <MainViewController: 0x7b9a2b50> while a presentation or dismiss is in progress!
2015-04-25 18:40:43.158 Cauz Colony[11070:1156507] Warning: Attempt to present <ForcedViewController: 0x7b6eeec0> on <MainViewController: 0x7b9a2b50> while a presentation is in progress!
2015-04-25 18:40:43.158 Cauz Colony[11070:1156507] Warning: Attempt to dismiss from view controller <MainViewController: 0x7b9a2b50> while a presentation or dismiss is in progress!
2015-04-25 18:42:05.322 Cauz Colony[11580:1158287] Multi-tasking -> Device: YES, App: YES
2015-04-25 18:42:05.331 Cauz Colony[11580:1158287] Unlimited access to network resources
2015-04-25 18:42:05.447 Cauz Colony[11580:1158287] [CDVTimer][keyboard] 0.073969ms
2015-04-25 18:42:05.468 Cauz Colony[11580:1158287] [CDVTimer][statusbar] 20.978034ms
2015-04-25 18:42:05.472 Cauz Colony[11580:1158287] [CDVTimer][splashscreen] 3.897011ms
2015-04-25 18:42:05.472 Cauz Colony[11580:1158287] [CDVTimer][TotalPluginStartup] 25.532961ms
2015-04-25 18:42:05.582 Cauz Colony[11580:1158287] Resetting plugins due to page load.
2015-04-25 18:42:05.786 Cauz Colony[11580:1158287] Finished load of: file:///Users/jon/Library/Developer/CoreSimulator/Devices/8691EAC8-5AC5-489E-845B-1AF3A7E76711/data/Containers/Bundle/Application/5065CE8A-8B65-41A3-9128-712E34C8C6D9/Cauz%20Colony.app/www/index.html#/home
2015-04-25 18:42:08.238 Cauz Colony[11580:1158287] [{"id":"553c12e90bbef76b28cafc4a","image":"https://res.cloudinary.com/cauz-colony/image/upload/v1430000191/lmxgqlndebn29mrwj5fe.jpg"},{"id":"553c16db0bbef76b28cafc50","image":"https://res.cloudinary.com/cauz-colony/image/upload/v1430000275/frgorhdxlvxstsnxhfbo.jpg"}]
2015-04-25 18:42:10.548 Cauz Colony[11580:1158287] THREAD WARNING: ['YoikScreenOrientation'] took '10.770752' ms. Plugin should use a background thread.
2015-04-25 18:42:10.549 Cauz Colony[11580:1158287] getCurrent
2015-04-25 18:42:10.549 Cauz Colony[11580:1158287] {"project":{"title":"Powerbeats","offer":{"link":"http://www.beatsbydre.com/earphones/beats-powerbeats2-wireless.html","image":"https://res.cloudinary.com/cauz-colony/image/upload/v1430000327/zwhkj5hyfnf6tgppbpp9.jpg"},"charityId":"553c12160bbef76b28cafc47","charityName":"SF-MARIN FOOD BANK","steps":[{"_id":"553c131a0bbef76b28cafc4b","optionA":"","optionB":"","optionC":"","optionD":"","text":"<p>Powerbeats. Earbuds designed for athletes by LeBron James and Dr. Dre. Learn more below. Press play.</p>","type":"video","videoId":"7qraNrqA2pw"},{"_id":"553c13600bbef76b28cafc4c","optionA":"Shank tongue corned beef","optionB":"Shankle ribeye beef pastrami t-bone flank, salami rump","optionC":"Chuck short ribs pork belly strip steak alcatra t-bone","optionD":"Turducken bresaola strip steak jerky","text":"<p>Bacon ipsum dolor amet chuck meatloaf cow ham hock, tri-tip turducken brisket shank shoulder short loin spare ribs. Ball tip ribeye beef ribs, biltong filet mignon t-bone pork loin andouille landjaeger hamburger short loin chicken pancetta.</p>","type":"survey.multiple-choice","videoId":"","options":["Shank tongue corned beef","Shankle ribeye beef pastrami t-bone flank, salami rump","Chuck short ribs pork belly strip steak alcatra t-bone","Turducken bresaola strip steak jerky"]},{"_id":"553c13a30bbef76b28cafc4d","optionA":"","optionB":"","optionC":"","optionD":"","text":"<p>CLEARER SOUND. DEEPER BASS.<br />Powerbeats earphones are the<br />only Beats by Dr. Dre earbuds<br />that come with two speakers<br />inside each bud. That means you<br />get crystal clear highs and deep,<br />rumbling lows</p>","type":"survey.rating","videoId":"","options":[1,2,3,4]},{"_id":"553c13c40bbef76b28cafc4e","optionA":"","optionB":"","optionC":"","optionD":"","text":"<p>Thoughts?</p>","type":"survey.open","videoId":""},{"_id":"553c13eb0bbef76b28cafc4f","optionA":"","optionB":"","optionC":"","optionD":"","text":"<p>REMOTE CONTROL CORD.<br />You can adjust your music to<br />find your power song right from<br />the cord. No need to fumble<br />with your MP3 player during<br />your workout.</p>","type":"survey.rating","videoId":"","options":[1,2,3,4]}]},"step":0}
2015-04-25 18:42:10.550 Cauz Colony[11580:1158287] getCurrent
2015-04-25 18:42:10.550 Cauz Colony[11580:1158287] {"project":{"title":"Powerbeats","offer":{"link":"http://www.beatsbydre.com/earphones/beats-powerbeats2-wireless.html","image":"https://res.cloudinary.com/cauz-colony/image/upload/v1430000327/zwhkj5hyfnf6tgppbpp9.jpg"},"charityId":"553c12160bbef76b28cafc47","charityName":"SF-MARIN FOOD BANK","steps":[{"_id":"553c131a0bbef76b28cafc4b","optionA":"","optionB":"","optionC":"","optionD":"","text":"<p>Powerbeats. Earbuds designed for athletes by LeBron James and Dr. Dre. Learn more below. Press play.</p>","type":"video","videoId":"7qraNrqA2pw"},{"_id":"553c13600bbef76b28cafc4c","optionA":"Shank tongue corned beef","optionB":"Shankle ribeye beef pastrami t-bone flank, salami rump","optionC":"Chuck short ribs pork belly strip steak alcatra t-bone","optionD":"Turducken bresaola strip steak jerky","text":"<p>Bacon ipsum dolor amet chuck meatloaf cow ham hock, tri-tip turducken brisket shank shoulder short loin spare ribs. Ball tip ribeye beef ribs, biltong filet mignon t-bone pork loin andouille landjaeger hamburger short loin chicken pancetta.</p>","type":"survey.multiple-choice","videoId":"","options":["Shank tongue corned beef","Shankle ribeye beef pastrami t-bone flank, salami rump","Chuck short ribs pork belly strip steak alcatra t-bone","Turducken bresaola strip steak jerky"]},{"_id":"553c13a30bbef76b28cafc4d","optionA":"","optionB":"","optionC":"","optionD":"","text":"<p>CLEARER SOUND. DEEPER BASS.<br />Powerbeats earphones are the<br />only Beats by Dr. Dre earbuds<br />that come with two speakers<br />inside each bud. That means you<br />get crystal clear highs and deep,<br />rumbling lows</p>","type":"survey.rating","videoId":"","options":[1,2,3,4]},{"_id":"553c13c40bbef76b28cafc4e","optionA":"","optionB":"","optionC":"","optionD":"","text":"<p>Thoughts?</p>","type":"survey.open","videoId":""},{"_id":"553c13eb0bbef76b28cafc4f","optionA":"","optionB":"","optionC":"","optionD":"","text":"<p>REMOTE CONTROL CORD.<br />You can adjust your music to<br />find your power song right from<br />the cord. No need to fumble<br />with your MP3 player during<br />your workout.</p>","type":"survey.rating","videoId":"","options":[1,2,3,4]}]},"step":0}
2015-04-25 18:42:10.552 Cauz Colony[11580:1158287] Warning: Attempt to present <ForcedViewController: 0x79161380> on <MainViewController: 0x78f3de20> while a presentation is in progress!
2015-04-25 18:42:10.552 Cauz Colony[11580:1158287] Warning: Attempt to dismiss from view controller <MainViewController: 0x78f3de20> while a presentation or dismiss is in progress!
2015-04-25 18:42:15.115 Cauz Colony[11580:1158287] [{"id":"553c12e90bbef76b28cafc4a","image":"https://res.cloudinary.com/cauz-colony/image/upload/v1430000191/lmxgqlndebn29mrwj5fe.jpg"},{"id":"553c16db0bbef76b28cafc50","image":"https://res.cloudinary.com/cauz-colony/image/upload/v1430000275/frgorhdxlvxstsnxhfbo.jpg"}]
2015-05-28 19:33:42.129 Cauz Colony[71590:6942336] Multi-tasking -> Device: YES, App: YES
2015-05-28 19:33:42.140 Cauz Colony[71590:6942336] Unlimited access to network resources
2015-05-28 19:33:42.430 Cauz Colony[71590:6942336] [CDVTimer][keyboard] 0.079989ms
2015-05-28 19:33:42.528 Cauz Colony[71590:6942336] [CDVTimer][statusbar] 97.463965ms
2015-05-28 19:33:42.552 Cauz Colony[71590:6942336] [CDVTimer][splashscreen] 23.628950ms
2015-05-28 19:33:42.552 Cauz Colony[71590:6942336] [CDVTimer][TotalPluginStartup] 121.778965ms
2015-05-28 19:33:42.669 Cauz Colony[71590:6942336] Resetting plugins due to page load.
2015-05-28 19:33:42.974 Cauz Colony[71590:6942336] Finished load of: file:///Users/jon/Library/Developer/CoreSimulator/Devices/F638AE75-E04E-462E-8897-2C8079E94E11/data/Containers/Bundle/Application/D3783737-24CB-4655-8528-4F1653DEC169/Cauz%20Colony.app/www/index.html#/home
2015-05-28 19:34:00.055 Cauz Colony[71590:6942625] Terminating since there is no system app.
2015-05-28 19:38:35.730 Cauz Colony[72045:6948906] Multi-tasking -> Device: YES, App: YES
2015-05-28 19:38:35.736 Cauz Colony[72045:6948906] Unlimited access to network resources
2015-05-28 19:38:35.815 Cauz Colony[72045:6948906] [CDVTimer][keyboard] 0.051022ms
2015-05-28 19:38:35.829 Cauz Colony[72045:6948906] [CDVTimer][statusbar] 14.308989ms
2015-05-28 19:38:35.832 Cauz Colony[72045:6948906] [CDVTimer][splashscreen] 3.076971ms
2015-05-28 19:38:35.832 Cauz Colony[72045:6948906] [CDVTimer][TotalPluginStartup] 17.804027ms
2015-05-28 19:38:35.909 Cauz Colony[72045:6948906] Resetting plugins due to page load.
2015-05-28 19:38:36.117 Cauz Colony[72045:6948906] Finished load of: file:///Users/jon/Library/Developer/CoreSimulator/Devices/F638AE75-E04E-462E-8897-2C8079E94E11/data/Containers/Bundle/Application/34D91EF8-BF8D-4784-B7FD-E36F2676169C/Cauz%20Colony.app/www/index.html#/home
2015-06-02 19:59:16.741 Cauz Colony[73676:7214497] Multi-tasking -> Device: YES, App: YES
2015-06-02 19:59:16.751 Cauz Colony[73676:7214497] Unlimited access to network resources
2015-06-02 19:59:17.084 Cauz Colony[73676:7214497] [CDVTimer][keyboard] 0.079989ms
2015-06-02 19:59:17.155 Cauz Colony[73676:7214497] [CDVTimer][statusbar] 70.685983ms
2015-06-02 19:59:17.173 Cauz Colony[73676:7214497] [CDVTimer][splashscreen] 18.036008ms
2015-06-02 19:59:17.173 Cauz Colony[73676:7214497] [CDVTimer][TotalPluginStartup] 89.199960ms
2015-06-02 19:59:17.281 Cauz Colony[73676:7214497] Resetting plugins due to page load.
2015-06-02 19:59:17.512 Cauz Colony[73676:7214497] Finished load of: file:///Users/jon/Library/Developer/CoreSimulator/Devices/F638AE75-E04E-462E-8897-2C8079E94E11/data/Containers/Bundle/Application/44F13174-4C12-49AC-BC9C-C55CCFBA89C9/Cauz%20Colony.app/www/index.html#/home
2015-06-06 18:38:13.549 Cauz Colony[8364:2176894] Multi-tasking -> Device: YES, App: YES
2015-06-06 18:38:13.558 Cauz Colony[8364:2176894] Unlimited access to network resources
2015-06-06 18:38:13.818 Cauz Colony[8364:2176894] [CDVTimer][keyboard] 0.060022ms
2015-06-06 18:38:13.887 Cauz Colony[8364:2176894] [CDVTimer][statusbar] 68.765998ms
2015-06-06 18:38:13.907 Cauz Colony[8364:2176894] [CDVTimer][splashscreen] 20.309985ms
2015-06-06 18:38:13.907 Cauz Colony[8364:2176894] [CDVTimer][TotalPluginStartup] 89.545965ms
2015-06-06 18:38:14.015 Cauz Colony[8364:2176894] Resetting plugins due to page load.
2015-06-06 18:38:14.306 Cauz Colony[8364:2176894] Finished load of: file:///Users/jon/Library/Developer/CoreSimulator/Devices/F638AE75-E04E-462E-8897-2C8079E94E11/data/Containers/Bundle/Application/7F23A392-DF2A-4341-A3C3-C3A344AE069A/Cauz%20Colony.app/www/index.html#/home
2015-06-06 18:38:56.499 Cauz Colony[8364:2176894] THREAD WARNING: ['YoikScreenOrientation'] took '104.062012' ms. Plugin should use a background thread.
2015-06-06 18:38:56.683 Cauz Colony[8364:2176894] Warning: Attempt to present <ForcedViewController: 0x7e056520> on <MainViewController: 0x7a874e70> while a presentation is in progress!
2015-06-06 18:38:56.684 Cauz Colony[8364:2176894] Warning: Attempt to dismiss from view controller <MainViewController: 0x7a874e70> while a presentation or dismiss is in progress!
2015-06-06 18:38:56.739 Cauz Colony[8364:2176894] Warning: Attempt to present <ForcedViewController: 0x7a942e80> on <MainViewController: 0x7a874e70> while a presentation is in progress!
2015-06-06 18:38:56.739 Cauz Colony[8364:2176894] Warning: Attempt to dismiss from view controller <MainViewController: 0x7a874e70> while a presentation or dismiss is in progress!
2015-06-06 18:39:07.380 Cauz Colony[8364:2177430] Terminating since there is no system app.
2015-06-06 18:42:41.931 Cauz Colony[8793:2181386] Multi-tasking -> Device: YES, App: YES
2015-06-06 18:42:41.940 Cauz Colony[8793:2181386] Unlimited access to network resources
2015-06-06 18:42:42.046 Cauz Colony[8793:2181386] [CDVTimer][keyboard] 0.074029ms
2015-06-06 18:42:42.067 Cauz Colony[8793:2181386] [CDVTimer][statusbar] 20.359039ms
2015-06-06 18:42:42.091 Cauz Colony[8793:2181386] [CDVTimer][splashscreen] 23.935020ms
2015-06-06 18:42:42.091 Cauz Colony[8793:2181386] [CDVTimer][TotalPluginStartup] 44.979036ms
2015-06-06 18:42:42.194 Cauz Colony[8793:2181386] Resetting plugins due to page load.
2015-06-06 18:42:42.349 Cauz Colony[8793:2181386] Finished load of: file:///Users/jon/Library/Developer/CoreSimulator/Devices/F638AE75-E04E-462E-8897-2C8079E94E11/data/Containers/Bundle/Application/38C9810C-452C-4B26-B905-DF5D9D726027/Cauz%20Colony.app/www/index.html#/home
2015-06-06 18:43:03.855 Cauz Colony[8793:2181829] Terminating since there is no system app.
